2018-05-02 18:39:39.213  [http-nio-8085-exec-1] DEBUG [com.mooc.house.comment.mapper.BlogMapper.selectBlog:] http-nio-8085-exec-1cid - ==>  Preparing: select id,tags ,content,create_time,title from blog a order by a.create_time desc limit ?, ? 
 WHERE email = ? 
2018-05-02 18:12:34.397  [http-nio-8083-exec-9] DEBUG [com.mooc.house.user.mapper.UserMapper.select:] http-nio-8083-exec-9cid - ==> Parameters: 1105896487@qq.com(String)
2018-05-02 18:12:34.653  [http-nio-8083-exec-9] DEBUG [com.mooc.house.user.mapper.UserMapper.select:] http-nio-8083-exec-9cid - <==      Total: 1
2018-05-02 18:13:19.015  [http-nio-8083-exec-4] DEBUG [com.mooc.house.user.mapper.UserMapper.select:] http-nio-8083-exec-4cid - ==>  Preparing: select id, name, phone, email, aboutme, passwd, avatar, type, create_time, enable, agency_id from user WHERE email = ? and passwd = ? and enable = ? 
2018-05-02 18:13:19.028  [http-nio-8083-exec-4] DEBUG [com.mooc.house.user.mapper.UserMapper.select:] http-nio-8083-exec-4cid - ==> Parameters: 1105896487@qq.com(String), 9774f20408063cc19ac79e8afff1b59e(String), 1(Integer)
2018-05-02 18:13:19.042  [http-nio-8083-exec-4] DEBUG [com.mooc.house.user.mapper.UserMapper.select:] http-nio-8083-exec-4cid - <==      Total: 1
2018-05-02 18:13:24.274  [http-nio-8083-exec-5] DEBUG [com.mooc.house.user.mapper.UserMapper.select:] http-nio-8083-exec-5cid - ==>  Preparing: select id, name, phone, email, aboutme, passwd, avatar, type, create_time, enable, agency_id from user WHERE email = ? 
2018-05-02 18:13:24.274  [http-nio-8083-exec-5] DEBUG [com.mooc.house.user.mapper.UserMapper.select:] http-nio-8083-exec-5cid - ==> Parameters: 1105896487@qq.com(String)
2018-05-02 18:13:24.276  [http-nio-8083-exec-5] DEBUG [com.mooc.house.user.mapper.UserMapper.select:] http-nio-8083-exec-5cid - <==      Total: 1
2018-05-02 18:16:22.136  [http-nio-8083-exec-7] DEBUG [com.mooc.house.user.mapper.UserMapper.select:] http-nio-8083-exec-7cid - ==>  Preparing: select id, name, phone, email, aboutme, passwd, avatar, type, create_time, enable, agency_id from user WHERE email = ? 
2018-05-02 18:16:22.137  [http-nio-8083-exec-7] DEBUG [com.mooc.house.user.mapper.UserMapper.select:] http-nio-8083-exec-7cid - ==> Parameters: 1105896487@qq.com(String)
2018-05-02 18:16:22.176  [http-nio-8083-exec-7] DEBUG [com.mooc.house.user.mapper.UserMapper.select:] http-nio-8083-exec-7cid - <==      Total: 1
2018-05-02 18:17:11.221  [http-nio-8083-exec-2] DEBUG [com.mooc.house.user.mapper.UserMapper.select:] http-nio-8083-exec-2cid - ==>  Preparing: select id, name, phone, email, aboutme, passwd, avatar, type, create_time, enable, agency_id from user WHERE email = ? and passwd = ? and enable = ? 
2018-05-02 18:17:11.222  [http-nio-8083-exec-2] DEBUG [com.mooc.house.user.mapper.UserMapper.select:] http-nio-8083-exec-2cid - ==> Parameters: 1105896487@qq.com(String), 9774f20408063cc19ac79e8afff1b59e(String), 1(Integer)
2018-05-02 18:17:11.223  [http-nio-8083-exec-2] DEBUG [com.mooc.house.user.mapper.UserMapper.select:] http-nio-8083-exec-2cid - <==      Total: 1
2018-05-02 18:17:14.130  [http-nio-8083-exec-3] DEBUG [com.mooc.house.user.mapper.UserMapper.select:] http-nio-8083-exec-3cid - ==>  Preparing: select id, name, phone, email, aboutme, passwd, avatar, type, create_time, enable, agency_id from user WHERE email = ? 
2018-05-02 18:17:14.131  [http-nio-8083-exec-3] DEBUG [com.mooc.house.user.mapper.UserMapper.select:] http-nio-8083-exec-3cid - ==> Parameters: 1105896487@qq.com(String)
2018-05-02 18:17:14.146  [http-nio-8083-exec-3] DEBUG [com.mooc.house.user.mapper.UserMapper.select:] http-nio-8083-exec-3cid - <==      Total: 1
2018-05-02 18:18:23.960  [http-nio-8083-exec-5] DEBUG [com.mooc.house.user.mapper.UserMapper.select:] http-nio-8083-exec-5cid - ==>  Preparing: select id, name, phone, email, aboutme, passwd, avatar, type, create_time, enable, agency_id from user WHERE email = ? 
2018-05-02 18:18:23.961  [http-nio-8083-exec-5] DEBUG [com.mooc.house.user.mapper.UserMapper.select:] http-nio-8083-exec-5cid - ==> Parameters: 1105896487@qq.com(String)
2018-05-02 18:18:23.962  [http-nio-8083-exec-5] DEBUG [com.mooc.house.user.mapper.UserMapper.select:] http-nio-8083-exec-5cid - <==      Total: 1
2018-05-02 18:18:38.478  [http-nio-8083-exec-10] DEBUG [com.mooc.house.user.mapper.UserMapper.select:] http-nio-8083-exec-10cid - ==>  Preparing: select id, name, phone, email, aboutme, passwd, avatar, type, create_time, enable, agency_id from user WHERE email = ? and passwd = ? and enable = ? 
2018-05-02 18:18:38.502  [http-nio-8083-exec-10] DEBUG [com.mooc.house.user.mapper.UserMapper.select:] http-nio-8083-exec-10cid - ==> Parameters: 1105896487@qq.com(String), 9774f20408063cc19ac79e8afff1b59e(String), 1(Integer)
2018-05-02 18:18:38.505  [http-nio-8083-exec-10] DEBUG [com.mooc.house.user.mapper.UserMapper.select:] http-nio-8083-exec-10cid - <==      Total: 1
2018-05-02 18:18:40.746  [http-nio-8083-exec-1] DEBUG [com.mooc.house.user.mapper.UserMapper.select:] http-nio-8083-exec-1cid - ==>  Preparing: select id, name, phone, email, aboutme, passwd, avatar, type, create_time, enable, agency_id from user WHERE email = ? 
2018-05-02 18:18:40.746  [http-nio-8083-exec-1] DEBUG [com.mooc.house.user.mapper.UserMapper.select:] http-nio-8083-exec-1cid - ==> Parameters: 1105896487@qq.com(String)
2018-05-02 18:18:40.748  [http-nio-8083-exec-1] DEBUG [com.mooc.house.user.mapper.UserMapper.select:] http-nio-8083-exec-1cid - <==      Total: 1
2018-05-02 18:24:00.551  [http-nio-8084-exec-1] DEBUG [com.mooc.house.hsrv.mapper.HouseMapper.selectHouse:] http-nio-8084-exec-1cid - ==>  Preparing: select a.id , a.type, a.name, a.price, a.images , a.area , a.beds , a.baths , a.rating , a.remarks , a.properties , a.floor_plan , a.tags , a.create_time , a.city_id , a.community_id , a.address, a.state, b.user_id from house a inner join ( select house_id,user_id from house_user WHERE type = 1 ) b on a.id = b.house_id WHERE state = 1 order by a.create_time desc limit ?, ? 
2018-05-02 18:24:00.585  [http-nio-8084-exec-1] DEBUG [2018-05-02 18:24:16.381  [http-nio-8083-exec-8] DEBUG [com.mooc.house.user.mapper.UserMapper.select:] http-nio-8083-exec-8cid - ==>  Preparing: select id, name, phone, email, aboutme, passwd, avatar, type, create_time, enable, agency_id from user WHERE email = ? and passw2018-05-02 18:24:22.800  [http-nio-8084-exec-2] DEBUG [com.mooc.house.hsrv.mapper.HouseMapper.selectHouse:] http-nio-8084-exec-2cid - ==>  Preparing: select a.id , a.type, a.name, a.price, a.images , a.area , a.beds , a.baths , a.rating , a.remarks , a.properties , a.floor_plan , a.tags , a.create_time , a.city_id , a.community_id , a.address, a.state, b.user_id from house a inner join ( select house_id,user_id from house_user WHERE type = 1 ) b on a.id = b.house_id WHERE state = 1 order by a.create_time desc limit ?, ? 
2018-05-02 18:24:22.802  [http-nio-8084-exec-2] DEBUG [com.mooc.house.hsrv.mapper.HouseMapper.selectHouse:] http-nio-8084-exec-2cid - ==> Parameters: 0(Integer), 8(Integer)
2018-05-02 18:24:22.806  [http-nio-8084-exec-2] DEBUG [com.mooc.house.hsrv.mapper.HouseMapper.selectHouse:] http-nio-8084-exec-2cid - <==      Total: 6
2018-05-02 18:24:55.037  [http-nio-8084-exec-3] DEBUG [com.mooc.house.hsrv.mapper.HouseMapper.selectHouse:] http-nio-8084-exec-3cid - ==>  Preparing: select a.id , a.type, a.name, a.price, a.images , a.area , a.beds , a.baths , a.rating , a.remarks , a.properties , a.floor_plan , a.tags , a.create_time , a.city_id , a.community_id , a.address, a.state, b.user_id from house a inner join ( select house_id,user_id from house_user WHERE type = 1 ) b on a.id = b.house_id WHERE state = 1 order by a.create_time desc limit ?, ? 
2018-05-02 18:24:55.039  [http-nio-8084-exec-3] DEBUG [com.mooc.house.hsrv.mapper.HouseMapper.selectHouse:] http-nio-8084-exec-3cid - ==> Parameters: 0(Integer), 8(Integer)
2018-05-022018-05-02 18:25:09.595  [http-nio-8083-exec-1] DEBUG [com.mooc.house.user.mapper.UserMapper.select:] http-nio-8083-exec-1cid - ==>  Preparing:2018-05-02 18:25:14.000  [http-nio-8084-exec-4] DEBUG [com.mooc.house.hsrv.mapper.HouseMapper.selectHouse:] http-nio-8084-exec-4cid - ==>  Preparing: select a.id , a.type, a.name, a.price, a.images , a.area , a.beds , a.baths , a.rating , a.remarks , a.properties , a.floor_plan , a.tags , a.create_time , a.city_id , a.community_id , a.address, a.state, b.user_id from house a inner join ( select house_id,user_id from house_user WHERE typ2018-05-02 18:26:19.684  [http-nio-8083-exec-3] DEBUG [com.mooc.house.user.mapper.UserMapper.select:] http-nio-8083-exec-3cid - ==>  Preparing: select id, name, phone, email, aboutme, passwd, avatar, type, create_time, enable, agency_id from user WHERE email = ? 
2018-05-02 18:26:19.685  [http-nio-8083-exec-3] DEBUG [com.mooc.house.user.mapper.UserMapper.select:] http-nio-8083-exec-3cid - ==> Parameters: 1105892018-05-02 18:26:27.776  [http-nio-8084-exec-6] DEBUG [com.mooc.house.hsrv.mapper.HouseMapper.selectHouse:] http-nio-8084-exec-6cid - ==>  Preparing: select a.id , a.type, a.name, a.price, a.images , a.area , a.beds , a.baths , a.rating , a.remarks , a.properties , a.floor_plan , a.tags , a.create_time , a.city_id , a.community_id , a.address, a.state, b.user_id from house a inner join ( select house_id,user_id from house_user WHERE type = 1 ) b on a.id = b.house_id WHERE state = 1 order by a.create_time desc limit ?, ? 
2018-05-02 18:26:27.777  [http-nio-8084-exec-6] DEBUG [com.mooc.house.hsrv.mapper.HouseMapper.selectHouse:] http-nio-8084-exec-6cid - ==> Parameters: 0(Integer), 8(Integer)
2018-05-02 18:26:27.780  [http-nio-8084-exec-6] D2018-05-02 18:38:18.027  [http-nio-8083-exec-6] DEBUG [com.mooc.house.user.mapper.UserMapper.select:] ht2018-05-02 18:38:23.794  [http-nio-8084-exec-8] DEBUG [com.mooc.house.hsrv.mapper.HouseMapper.selectHouse:] http-nio-8084-exec-8cid - ==>  Preparing: select a.id , a.type, a.name, a.price, a.images , a.area , a.beds , a.baths , a.rating , a.remarks , a.properties , a.floor_plan , a.tags , a.create_time , a.city_id , a.community_id , a.address, a.state, b.user_id from house a inner join ( select house_id,user_id from house_user WHERE type = 1 ) b on a.id = b.house_id WHERE state = 1 order by a.create_time desc limit ?, ? 
2018-05-02 18:38:23.795  [http-nio-8084-exec-8] DEBUG [com.mooc.house.hsrv.mapper.HouseMapper.selectHouse:] http-nio-8084-exec-8cid - ==> Parameters: 0(Integer), 8(Integer)
2018-05-02 18:38:23.827  [http-nio-8084-exec-8] DEBUG [com.mooc.house.hsrv.mapper.HouseMapper.selectHouse:] http-nio-8084-exec-8cid - <==      Total: 6
8083-exec-7cid - ==> Parameters: 1105896487@qq.com(String)
2018-05-02 18:38:22.661  [http-nio-8083-exec-7] DEBUG [com.mooc.house.user.mapper.UserMapper.select:] http-nio-8083-exec-7cid - <==      Total: 1
2018-05-02 18:39:16.551  [http-nio-8083-exec-8] DEBUG [com.mooc.house.user.mapper.UserMapper.select:] http-nio-8083-exec-8cid - ==>  Preparing: select id, name, phone, email, aboutme, passwd, avatar, type, create_time, enable, agency_id from user WHERE email = ? 
2018-05-02 18:39:16.551  [http-nio-8083-exec-8] DEBUG [com.mooc.house.user.mapper.UserMapper.select:] http-nio-8083-exec-8cid - ==> Parameters: 1105896487@qq.com(String)
2018-05-02 18:39:16.554  [http-nio-8083-exec-8] DEBUG [com.mooc.house.user.mapper.UserMapper.select:] http-nio-8083-exec-8cid - <==      Total: 1
