2018-05-02 16:04:43.391  [http-nio-8083-exec-9] DEBUG [com.mooc.house.user.mapper.AgencyMapper.select:] http-nio-8083-exec-9cid - ==>  Preparing: select id, name , address , phone , email , about_us , mobile , web_site from agency 
2018-05-02 16:04:43.391  [http-nio-8083-exec-9] DEBUG [com.mooc.house.user.mapper.AgencyMapper.select:] http-nio-8083-exec-9cid - ==> Parameters: 
2018-05-02 16:04:43.393  [http-nio-8083-exec-9] DEBUG [com.mooc.house.user.mapper.AgencyMapper.select:] http-nio-8083-exec-9cid - <==      Total: 4
2018-05-02 16:05:34.791  [http-nio-8083-exec-1] DEBUG [com.mooc.house.user.mapper.AgencyMapper.select:] http-nio-8083-exec-1cid - ==>  Preparing: select id, name , address , phone , email , about_us , mobile , web_site from agency 
2018-05-02 16:05:34.815  [http-nio-8083-exec-1] DEBUG [com.mooc.house.user.mapper.AgencyMapper.select:] http-nio-8083-exec-1cid - ==> Parameters: 
2018-05-02 16:05:34.832  [http-nio-8083-exec-1] DEBUG [com.mooc.house.user.mapper.AgencyMapper.select:] http-nio-8083-exec-1cid - <==      Total: 4
2018-05-02 16:12:16.908  [http-nio-8083-exec-3] DEBUG [com.mooc.house.user.mapper.AgencyMapper.select:] http-nio-8083-exec-3cid - ==>  Preparing: select id, name , address , phone , email , about_us , mobile , web_site from agency 
2018-05-02 16:12:16.927  [http-nio-8083-exec-3] DEBUG [com.mooc.house.user.mapper.AgencyMapper.select:] http-nio-8083-exec-3cid - ==> Parameters: 
2018-05-02 16:12:16.943  [http-nio-8083-exec-3] DEBUG [com.mooc.house.user.mapper.AgencyMapper.select:] http-nio-8083-exec-3cid - <==      Total: 4
2018-05-02 16:14:27.927  [http-nio-8083-exec-1] DEBUG [com.mooc.house.user.mapper.AgencyMapper.select:] http-nio-8083-exec-1cid - ==>  Preparing: select id, name , address , phone , email , about_us , mobile , web_site from agency 
2018-05-02 16:14:27.927  [http-nio-8083-exec-1] DEBUG [com.mooc.house.user.mapper.AgencyMapper.select:] http-nio-8083-exec-1cid - ==> Parameters: 
2018-05-02 16:14:27.929  [http-nio-8083-exec-1] DEBUG [com.mooc.house.user.mapper.AgencyMapper.select:] http-nio-8083-exec-1cid - <==      Total: 4
2018-05-02 16:16:10.357  [http-nio-8083-exec-5] DEBUG [com.mooc.house.user.mapper.AgencyMapper.select:] http-nio-8083-exec-5cid - ==>  Preparing: select id, name , address , phone , email , about_us , mobile , web_site from agency 
2018-05-02 16:16:10.358  [http-nio-8083-exec-5] DEBUG [com.mooc.house.user.mapper.AgencyMapper.select:] http-nio-8083-exec-5cid - ==> Parameters: 
2018-05-02 16:16:10.360  [http-nio-8083-exec-5] DEBUG [com.mooc.house.user.mapper.AgencyMapper.select:] http-nio-8083-exec-5cid - <==      Total: 4
2018-05-02 16:17:32.554  [http-nio-8083-exec-7] DEBUG [com.mooc.house.user.mapper.UserMapper.select:] http-nio-8083-exec-7cid - ==>  Preparing: select id, name, phone, email, aboutme, passwd, avatar, type, create_time, enable, agency_id from user WHERE email = ? 
2018-05-02 16:17:32.557  [http-nio-8083-exec-7] DEBUG [com.mooc.house.user.mapper.UserMapper.select:] http-nio-8083-exec-7cid - ==> Parameters: 1105896487@qq.com(String)
2018-05-02 16:17:32.560  [http-nio-8083-exec-7] DEBUG [com.mooc.house.user.mapper.UserMapper.select:] http-nio-8083-exec-7cid - <==      Total: 0
2018-05-02 16:17:32.879  [http-nio-8083-exec-10] DEBUG [com.mooc.house.user.mapper.UserMapper.insert:] http-nio-8083-exec-10cid - ==>  Preparing: insert into user ( name,phone,email,aboutme,passwd,avatar,type,create_time, enable )values( ?,?, ?,?, ?, ?,?,?, ? ) 
2018-05-02 16:17:32.897  [http-nio-8083-exec-10] DEBUG [com.mooc.house.user.mapper.UserMapper.insert:] http-nio-8083-exec-10cid - ==> Parameters: user001(String), 13714242581(String), 1105896487@qq.com(String), 123456(String), 9774f20408063cc19ac79e8afff1b59e(String), (String), 1(Integer), 2018-05-02 16:17:32.833(Timestamp), 0(Integer)
2018-05-02 16:17:32.998  [http-nio-8083-exec-10] DEBUG [com.mooc.house.user.mapper.UserMapper.insert:] http-nio-8083-exec-10cid - <==    Updates: 1
2018-05-02 16:17:57.264  [http-nio-8083-exec-9] DEBUG [com.mooc.house.user.mapper.UserMapper.select:] http-nio-8083-exec-9cid - ==>  Preparing: select id, name, phone, email, aboutme, passwd, avatar, type, create_time, enable, agency_id from user WHERE email = ? and passwd = ? and enable = ? 
2018-05-02 16:17:57.265  [http-nio-8083-exec-9] DEBUG [com.mooc.house.user.mapper.UserMapper.select:] http-nio-8083-exec-9cid - ==> Parameters: 1105896487@qq.com(String), 9774f20408063cc19ac79e8afff1b59e(String), 1(Integer)
2018-05-02 16:17:57.266  [http-nio-8083-exec-9] DEBUG [com.mooc.house.user.mapper.UserMapper.select:] http-nio-8083-exec-9cid - <==      Total: 0
2018-05-02 16:18:05.803  [http-nio-8083-exec-8] DEBUG [com.mooc.house.user.mapper.UserMapper.select:] http-nio-8083-exec-8cid - ==>  Preparing: select id, name, phone, email, aboutme, passwd, avatar, type, create_time, enable, agency_id from user WHERE email = ? and passwd = ? and enable = ? 
2018-05-02 16:18:05.803  [http-nio-8083-exec-8] DEBUG [com.mooc.house.user.mapper.UserMapper.select:] http-nio-8083-exec-8cid - ==> Parameters: 1105896487@qq.com(String), 9774f20408063cc19ac79e8afff1b59e(String), 1(Integer)
2018-05-02 16:18:05.804  [http-nio-8083-exec-8] DEBUG [com.mooc.house.user.mapper.UserMapper.select:] http-nio-8083-exec-8cid - <==      Total: 0
2018-05-02 16:19:33.967  [http-nio-8083-exec-2] DEBUG [com.mooc.house.user.mapper.UserMapper.select:] http-nio-8083-exec-2cid - ==>  Preparing: select id, name, phone, email, aboutme, passwd, avatar, type, create_time, enable, agency_id from user WHERE email = ? and passwd = ? and enable = ? 
2018-05-02 16:19:33.968  [http-nio-8083-exec-2] DEBUG [com.mooc.house.user.mapper.UserMapper.select:] http-nio-8083-exec-2cid - ==> Parameters: user001(String), 9774f20408063cc19ac79e8afff1b59e(String), 1(Integer)
2018-05-02 16:19:33.969  [http-nio-8083-exec-2] DEBUG [com.mooc.house.user.mapper.UserMapper.select:] http-nio-8083-exec-2cid - <==      Total: 0
2018-05-02 16:20:12.746  [http-nio-8083-exec-1] DEBUG [com.mooc.house.user.mapper.UserMapper.select:] http-nio-8083-exec-1cid - ==>  Preparing: select id, name, phone, email, aboutme, passwd, avatar, type, create_time, enable, agency_id from user WHERE email = ? and passwd = ? and enable = ? 
2018-05-02 16:20:12.746  [http-nio-8083-exec-1] DEBUG [com.mooc.house.user.mapper.UserMapper.select:] http-nio-8083-exec-1cid - ==> Parameters: user001(String), 9774f20408063cc19ac79e8afff1b59e(String), 1(Integer)
2018-05-02 16:20:12.747  [http-nio-8083-exec-1] DEBUG [com.mooc.house.user.mapper.UserMapper.select:] http-nio-8083-exec-1cid - <==      Total: 0
2018-05-02 16:20:50.205  [http-nio-8083-exec-4] DEBUG [com.mooc.house.user.mapper.AgencyMapper.select:] http-nio-8083-exec-4cid - ==>  Preparing: select id, name , address , phone , email , about_us , mobile , web_site from agency 
2018-05-02 16:20:50.205  [http-nio-8083-exec-4] DEBUG [com.mooc.house.user.mapper.AgencyMapper.select:] http-nio-8083-exec-4cid - ==> Parameters: 
2018-05-02 16:20:50.209  [http-nio-8083-exec-4] DEBUG [com.mooc.house.user.mapper.AgencyMapper.select:] http-nio-8083-exec-4cid - <==      Total: 4
2018-05-02 16:21:17.944  [http-nio-8083-exec-5] DEBUG [com.mooc.house.user.mapper.UserMapper.select:] http-nio-8083-exec-5cid - ==>  Preparing: select id, name, phone, email, aboutme, passwd, avatar, type, create_time, enable, agency_id from user WHERE email = ? 
2018-05-02 16:21:17.944  [http-nio-8083-exec-5] DEBUG [com.mooc.house.user.mapper.UserMapper.select:] http-nio-8083-exec-5cid - ==> Parameters: 1105896487@qq.com(String)
2018-05-02 16:21:17.946  [http-nio-8083-exec-5] DEBUG [com.mooc.house.user.mapper.UserMapper.select:] http-nio-8083-exec-5cid - <==      Total: 1
2018-05-02 16:21:18.204  [http-nio-8083-exec-6] DEBUG [com.mooc.house.user.mapper.AgencyMapper.select:] http-nio-8083-exec-6cid - ==>  Preparing: select id, name , address , phone , email , about_us , mobile , web_site from agency 
2018-05-02 16:21:18.204  [http-nio-8083-exec-6] DEBUG [com.mooc.house.user.mapper.AgencyMapper.select:] http-nio-8083-exec-6cid - ==> Parameters: 
2018-05-02 16:21:18.205  [http-nio-8083-exec-6] DEBUG [com.mooc.house.user.mapper.AgencyMapper.select:] http-nio-8083-exec-6cid - <==      Total: 4
2018-05-02 16:21:48.364  [http-nio-8083-exec-7] DEBUG [com.mooc.house.user.mapper.UserMapper.select:] http-nio-8083-exec-7cid - ==>  Preparing: select id, name, phone, email, aboutme, passwd, avatar, type, create_time, enable, agency_id from user WHERE email = ? 
2018-05-02 16:21:48.364  [http-nio-8083-exec-7] DEBUG [com.mooc.house.user.mapper.UserMapper.select:] http-nio-8083-exec-7cid - ==> Parameters: 11058967@qq.com(String)
2018-05-02 16:21:48.365  [http-nio-8083-exec-7] DEBUG [com.mooc.house.user.mapper.UserMapper.select:] http-nio-8083-exec-7cid - <==      Total: 0
2018-05-02 16:21:51.761  [http-nio-8083-exec-10] DEBUG [com.mooc.house.user.mapper.UserMapper.insert:] http-nio-8083-exec-10cid - ==>  Preparing: insert into user ( name,phone,email,aboutme,passwd,avatar,type,create_time, enable )values( ?,?, ?,?, ?, ?,?,?, ? ) 
2018-05-02 16:21:51.762  [http-nio-8083-exec-10] DEBUG [com.mooc.house.user.mapper.UserMapper.insert:] http-nio-8083-exec-10cid - ==> Parameters: user002(String), 13714242582(String), 11058967@qq.com(String), (String), 9774f20408063cc19ac79e8afff1b59e(String), (String), 1(Integer), 2018-05-02 16:21:51.761(Timestamp), 0(Integer)
2018-05-02 16:21:51.813  [http-nio-8083-exec-10] DEBUG [com.mooc.house.user.mapper.UserMapper.insert:] http-nio-8083-exec-10cid - <==    Updates: 1
2018-05-02 16:23:10.267  [http-nio-8083-exec-8] DEBUG [com.mooc.house.user.mapper.UserMapper.select:] http-nio-8083-exec-8cid - ==>  Preparing: select id, name, phone, email, aboutme, passwd, avatar, type, create_time, enable, agency_id from user WHERE email = ? and passwd = ? and enable = ? 
2018-05-02 16:23:10.267  [http-nio-8083-exec-8] DEBUG [com.mooc.house.user.mapper.UserMapper.select:] http-nio-8083-exec-8cid - ==> Parameters: 1105896487@qq.com(String), 9774f20408063cc19ac79e8afff1b59e(String), 1(Integer)
2018-05-02 16:23:10.268  [http-nio-8083-exec-8] DEBUG [com.mooc.house.user.mapper.UserMapper.select:] http-nio-8083-exec-8cid - <==      Total: 0
2018-05-02 16:25:07.115  [http-nio-8083-exec-2] DEBUG [com.mooc.house.user.mapper.UserMapper.select:] http-nio-8083-exec-2cid - ==>  Preparing: select id, name, phone, email, aboutme, passwd, avatar, type, create_time, enable, agency_id from user WHERE email = ? and passwd = ? and enable = ? 
2018-05-02 16:25:07.117  [http-nio-8083-exec-2] DEBUG [com.mooc.house.user.mapper.UserMapper.select:] http-nio-8083-exec-2cid - ==> Parameters: 1105896487@qq.com(String), 9774f20408063cc19ac79e8afff1b59e(String), 1(Integer)
2018-05-02 16:25:07.118  [http-nio-8083-exec-2] DEBUG [com.mooc.house.user.mapper.UserMapper.select:] http-nio-8083-exec-2cid - <==      Total: 0
2018-05-02 16:25:15.293  [http-nio-8083-exec-1] DEBUG [com.mooc.house.user.mapper.UserMapper.select:] http-nio-8083-exec-1cid - ==>  Preparing: select id, name, phone, email, aboutme, passwd, avatar, type, create_time, enable, agency_id from user WHERE email = ? and passwd = ? and enable = ? 
2018-05-02 16:25:15.293  [http-nio-8083-exec-1] DEBUG [com.mooc.house.user.mapper.UserMapper.select:] http-nio-8083-exec-1cid - ==> Parameters: 1105896487@qq.com(String), 9774f20408063cc19ac79e8afff1b59e(String), 1(Integer)
2018-05-02 16:25:15.294  [http-nio-8083-exec-1] DEBUG [com.mooc.house.user.mapper.UserMapper.select:] http-nio-8083-exec-1cid - <==      Total: 0
2018-05-02 16:25:49.377  [http-nio-8083-exec-4] DEBUG [com.mooc.house.user.mapper.UserMapper.select:] http-nio-8083-exec-4cid - ==>  Preparing: select id, name, phone, email, aboutme, passwd, avatar, type, create_time, enable, agency_id from user WHERE email = ? and passwd = ? and enable = ? 
2018-05-02 16:25:49.378  [http-nio-8083-exec-4] DEBUG [com.mooc.house.user.mapper.UserMapper.select:] http-nio-8083-exec-4cid - ==> Parameters: 1105896487@qq.com(String), 9774f20408063cc19ac79e8afff1b59e(String), 1(Integer)
2018-05-02 16:25:49.379  [http-nio-8083-exec-4] DEBUG [com.mooc.house.user.mapper.UserMapper.select:] http-nio-8083-exec-4cid - <==      Total: 0
2018-05-02 16:26:35.210  [http-nio-8083-exec-5] DEBUG [com.mooc.house.user.mapper.UserMapper.select:] http-nio-8083-exec-5cid - ==>  Preparing: select id, name, phone, email, aboutme, passwd, avatar, type, create_time, enable, agency_id from user WHERE email = ? and passwd = ? and enable = ? 
2018-05-02 16:26:35.213  [http-nio-8083-exec-5] DEBUG [com.mooc.house.user.mapper.UserMapper.select:] http-nio-8083-exec-5cid - ==> Parameters: 1105896487@qq.com(String), 9774f20408063cc19ac79e8afff1b59e(String), 1(Integer)
2018-05-02 16:26:35.216  [http-nio-8083-exec-5] DEBUG [com.mooc.house.user.mapper.UserMapper.select:] http-nio-8083-exec-5cid - <==      Total: 0
2018-05-02 16:27:58.250  [http-nio-8083-exec-6] DEBUG [com.mooc.house.user.mapper.UserMapper.select:] http-nio-8083-exec-6cid - ==>  Preparing: select id, name, phone, email, aboutme, passwd, avatar, type, create_time, enable, agency_id from user WHERE email = ? and passwd = ? and enable = ? 
2018-05-02 16:27:58.253  [http-nio-8083-exec-6] DEBUG [com.mooc.house.user.mapper.UserMapper.select:] http-nio-8083-exec-6cid - ==> Parameters: 1105896487@qq.com(String), 9774f20408063cc19ac79e8afff1b59e(String), 1(Integer)
2018-05-02 16:27:58.256  [http-nio-8083-exec-6] DEBUG [com.mooc.house.user.mapper.UserMapper.select:] http-nio-8083-exec-6cid - <==      Total: 0
2018-05-02 16:29:40.296  [http-nio-8083-exec-7] DEBUG [com.mooc.house.user.mapper.UserMapper.select:] http-nio-8083-exec-7cid - ==>  Preparing: select id, name, phone, email, aboutme, passwd, avatar, type, create_time, enable, agency_id from user WHERE email = ? and passwd = ? and enable = ? 
2018-05-02 16:29:40.297  [http-nio-8083-exec-7] DEBUG [com.mooc.house.user.mapper.UserMapper.select:] http-nio-8083-exec-7cid - ==> Parameters: 1105896487@qq.com(String), 9774f20408063cc19ac79e8afff1b59e(String), 1(Integer)
2018-05-02 16:29:40.298  [http-nio-8083-exec-7] DEBUG [com.mooc.house.user.mapper.UserMapper.select:] http-nio-8083-exec-7cid - <==      Total: 1
2018-05-02 16:30:00.223  [http-nio-8083-exec-10] DEBUG [com.mooc.house.user.mapper.UserMapper.select:] http-nio-8083-exec-10cid - ==>  Preparing: select id, name, phone, email, aboutme, passwd, avatar, type, create_time, enable, agency_id from user WHERE email = ? and passwd = ? and enable = ? 
2018-05-02 16:30:00.225  [http-nio-8083-exec-10] DEBUG [com.mooc.house.user.mapper.UserMapper.select:] http-nio-8083-exec-10cid - ==> Parameters: 1105896487@qq.com(String), 9774f20408063cc19ac79e8afff1b59e(String), 1(Integer)
2018-05-02 16:30:00.226  [http-nio-8083-exec-10] DEBUG [com.mooc.house.user.mapper.UserMapper.select:] http-nio-8083-exec-10cid - <==      Total: 1
2018-05-02 16:38:46.764  [http-nio-8083-exec-8] DEBUG [com.mooc.house.user.mapper.UserMapper.select:] http-nio-8083-exec-8cid - ==>  Preparing: select id, name, phone, email, aboutme, passwd, avatar, type, create_time, enable, agency_id from user WHERE email = ? and passwd = ? and enable = ? 
2018-05-02 16:38:46.764  [http-nio-8083-exec-8] DEBUG [com.mooc.house.user.mapper.UserMapper.select:] http-nio-8083-exec-8cid - ==> Parameters: 1105896487@qq.com(String), 9774f20408063cc19ac79e8afff1b59e(String), 1(Integer)
2018-05-02 16:38:46.767  [http-nio-8083-exec-8] DEBUG [com.mooc.house.user.mapper.UserMapper.select:] http-nio-8083-exec-8cid - <==      Total: 1
2018-05-02 16:48:28.652  [http-nio-8083-exec-3] DEBUG [com.mooc.house.user.mapper.UserMapper.select:] http-nio-8083-exec-3cid - ==>  Preparing: select id, name, phone, email, aboutme, passwd, avatar, type, create_time, enable, agency_id from user WHERE email = ? and passwd = ? and enable = ? 
2018-05-02 16:48:28.652  [http-nio-8083-exec-3] DEBUG [com.mooc.house.user.mapper.UserMapper.select:] http-nio-8083-exec-3cid - ==> Parameters: 1105896487@qq.com(String), 9774f20408063cc19ac79e8afff1b59e(String), 1(Integer)
2018-05-02 16:48:28.655  [http-nio-8083-exec-3] DEBUG [com.mooc.house.user.mapper.UserMapper.select:] http-nio-8083-exec-3cid - <==      Total: 1
2018-05-02 16:49:45.459  [http-nio-8083-exec-1] DEBUG [com.mooc.house.user.mapper.UserMapper.select:] http-nio-8083-exec-1cid - ==>  Preparing: select id, name, phone, email, aboutme, passwd, avatar, type, create_time, enable, agency_id from user WHERE email = ? and passwd = ? and enable = ? 
2018-05-02 16:49:45.463  [http-nio-8083-exec-1] DEBUG [com.mooc.house.user.mapper.UserMapper.select:] http-nio-8083-exec-1cid - ==> Parameters: 1105896487@qq.com(String), 9774f20408063cc19ac79e8afff1b59e(String), 1(Integer)
2018-05-02 16:49:45.471  [http-nio-8083-exec-1] DEBUG [com.mooc.house.user.mapper.UserMapper.select:] http-nio-8083-exec-1cid - <==      Total: 1
2018-05-02 16:57:06.926  [http-nio-8083-exec-2] DEBUG [com.mooc.house.user.mapper.UserMapper.select:] http-nio-8083-exec-2cid - ==>  Preparing: select id, name, phone, email, aboutme, passwd, avatar, type, create_time, enable, agency_id from user WHERE email = ? and passwd = ? and enable = ? 
2018-05-02 16:57:06.951  [http-nio-8083-exec-2] DEBUG [com.mooc.house.user.mapper.UserMapper.select:] http-nio-8083-exec-2cid - ==> Parameters: 1105896487@qq.com(String), 9774f20408063cc19ac79e8afff1b59e(String), 1(Integer)
2018-05-02 16:57:06.973  [http-nio-8083-exec-2] DEBUG [com.mooc.house.user.mapper.UserMapper.select:] http-nio-8083-exec-2cid - <==      Total: 1
2018-05-02 16:58:54.228  [http-nio-8083-exec-3] DEBUG [com.mooc.house.user.mapper.UserMapper.select:] http-nio-8083-exec-3cid - ==>  Preparing: select id, name, phone, email, aboutme, passwd, avatar, type, create_time, enable, agency_id from user WHERE email = ? and passwd = ? and enable = ? 
2018-05-02 16:58:54.228  [http-nio-8083-exec-3] DEBUG [com.mooc.house.user.mapper.UserMapper.select:] http-nio-8083-exec-3cid - ==> Parameters: 1105896487@qq.com(String), 9774f20408063cc19ac79e8afff1b59e(String), 1(Integer)
2018-05-02 16:58:54.231  [http-nio-8083-exec-3] DEBUG [com.mooc.house.user.mapper.UserMapper.select:] http-nio-8083-exec-3cid - <==      Total: 1
