2018-05-02 19:02:50.524  [http-nio-8084-exec-1] DEBUG [com.mooc.house.hsrv.mapper.HouseMapper.selectHouse:] http-nio-8084-exec-1cid - ==>  Preparing: select a.id , a.type, a.name, a.price, a.images , a.area , a.beds , a.baths , a.rating , a.remarks , a.properties , a.floor_plan , a.tags , a.create_time , a.city_id , a.community_id , a.address, a.state, b.user_id from house a inner join ( select house_id,user_id from house_user WHERE type = 1 ) b on a.id = b.house_id WHERE state = 1 order by a.create_time desc limit ?, ? 
2018-05-02 19:02:50.562  [http-nio-8084-exec-1] DEBUG [2018-05-02 19:09:14.397  [http-nio-8083-exec-8] DEBUG [com.mooc.house.user.mapper.UserMapper.select:] http-nio-8083-exec-8cid - ==>  Preparing: select id, name, phone, email, aboutme, passwd, avatar, type, create_time, enable, agency_id from user WHERE email = ? 
2018-052018-05-02 19:09:14.611  [http-nio-8084-exec-3] DEBUG [com.mooc.house.hsrv.mapper.HouseMapper.selectHouse:] http-nio-8084-exec-3cid - ==>  Preparing: select a.id , a.type, a.name, a.price, a.images , a.area , a.beds , a.baths , a.rating , a.remarks , a.properties , a.floor_plan , a.tags , a.create_time , a.cit2018-05-02 19:09:51.303  [http-nio-8083-exec-9] DEBUG [com.mooc.house.user.mapper.UserMapper.select:] http-nio-8083-exec-9cid - ==>  Preparing: select id, name, phone, email, aboutme, passwd, avatar, type, create_time, enable, agency_id from user WHERE email = ? 
2018-05-02 19:09:51.303  [http-nio-8083-exec-9] DEBUG [com.mooc.house.user.mapper.UserMapper.select:] http-nio-8083-exec-9cid - ==> Parameters: 1105896487@qq.com(String)
2018-05-02 19:09:51.304  [http-nio-8083-exec-9] DEBUG [com.mooc.house.user.mapper.UserMapper.select:] http-n2018-05-02 19:09:52.125  [http-nio-8084-exec-4] DEBUG [com.mooc.house.hsrv.mapper.HouseMapper.selectHouse:] http-nio-8084-exec-4cid - ==>  Preparing: select a.id , a.type, a.name, a.price, a.images , a.area , a.beds , a.baths , a.rating , a.remarks , a.properties , a.floor_plan , a.tags , a.create_time , a.city_id , a.community_id , a.address, a.state, b.user_id from house a inner join ( select house_id,user_id from house_user WHERE type = 1 ) b on a.id = b.house_id WHERE state = 1 order by a.create_time desc limit ?, ? 
2018-05-02 19:09:52.127  [http-nio-8084-exec-4] DEBUG [com.mooc.house.hsrv.mapper.HouseMapper.selectHouse:] http-nio-8084-exec-4cid - ==> Parameters: 0(Integer), 8(Integer)
2018-05-02 19:09:52.136  [http-nio-8084-exec-4] DEBUG [com.mooc.house.hsrv.mapper.HouseMapper.selectHouse:] http-nio-8084-exec-4cid - <==      Total: 6
2018-05-02 19:10:02.944  [http-nio-8084-exec-5] DEBUG [com.mooc.house.hsrv.mapper.HouseMapper.selectHouse:] http-nio-8084-exec-5cid - ==>  Preparing: select a.id , a.type, a.name, a.price, a.images , a.area , a.beds , a.baths , a.rating , a.remarks , a.properties , a.floor_plan , a.tags , a.create_time , a.city_id , a.community_id , a.address, a.state, b.user_id from house a inner join ( select house_id,user_id from house_user WHERE type = 1 ) b on a.id = b.house_id WHERE state = 1 order by a.create_time desc limit ?, ? 
2018-05-02 19:10:02.945  [http-nio-8084-exec-5] DEBUG [com.mooc.house.hsrv.mapper.HouseMapper.selectHouse:] http-nio-8084-exec-5cid - ==> Parameters: 0(Integer), 8(Integer)
2018-05-02 19:10:02.947  [http-nio-8084-exec-5] DEBUG [com.mooc.house.hsrv.mapper.HouseMapper.selectHouse:] http-nio-8084-exec-5cid - <==      Total: 6
2018-05-02 19:11:17.876  [http-nio-8084-exec-7] DEBUG [com.mooc.house.hsrv.mapper.HouseMapper.selectHouse:] http-nio-8084-exec-7cid - ==>  Preparing: select a.id , a.type, a.name, a.price, a.images , a.area , a.beds , a.baths , a.rating , a.remarks , a.properties , a.floor_plan , a.tags , a.create_time , a.city_id , a.community_id , a.address, a.state, b.user_id from house a inner join ( select house_id,user_id from house_user WHERE type = 1 ) b on a.id = b.house_id WHERE state = 1 order by a.create_time desc limit ?, ? 
2018-05-02 19:11:17.877  [http-nio-8084-exec-7] DEBUG [com.mooc.house.hsrv.mapper.HouseMapper.selectHouse:] http-nio-8084-exec-7cid - ==> Parameters: 0(Integer), 8(Integer)
2018-05-02 19:11:17.880  [http-nio-8084-exec-7] DEBUG [com.mooc.house.hsrv.mapper.HouseMapper.selectHouse:] http-nio-8084-exec-7cid - <==      Total: 6
2018-05-02 19:23:03.382  [http-nio-8084-exec-9] DEBUG [com.mooc.house.hsrv.mapper.HouseMapper.selectHouse:] http-nio-8084-exec-9cid - ==>  Preparing: select a.id , a.type, a.name, a.price, a.images , a.area , a.beds , a.baths , a.rating , a.remarks , a.properties , a.floor_plan , a.tags , a.create_time , a.city_id , a.community_id , a.address, a.state, b.user_id from house a inner join ( select house_id,user_id from house_user WHERE type = 1 ) b on a.id = b.house_id WHERE state = 1 order by a.create_time desc limit ?, ? 
2018-05-02 19:23:03.383  [http-nio-8084-exec-9] DEBUG [com.mooc.house.hsrv.mapper.HouseMapper.selectHouse:] http-nio-8084-exec-9cid - ==> Parameters: 0(Integer), 2(Integer)
2018-05-02 19:23:03.386  [http-nio-8084-exec-9] DEBUG [com.mooc.house.hsrv.mapper.HouseMapper.selectHouse:] http-nio-8084-exec-9cid - <==      Total: 2
2018-05-02 19:23:03.387  [http-nio-8084-exec-9] DEBUG [com.mooc.house.hsrv.mapper.HouseMapper.selectHouseCount:] http-nio-8084-exec-9cid - ==>  Preparing: select count(id) from house a inner join ( select house_id,user_id from house_user WHERE type = 1 ) b on a.id = b.house_id WHERE state = 1 
2018-05-02 19:23:03.410  [http-nio-8084-exec-9] DEBUG [com.mooc.house.hsrv.mapper.HouseMapper.selectHouseCount:] http-nio-8084-exec-9cid - ==> Parameters: 
2018-05-02 19:23:03.428  [http-nio-8084-exec-9] DEBUG [com.mooc.house.hsrv.mapper.HouseMapper.selectHouseCount:] http-nio-8084-exec-9cid - <==      Total: 1
2018-05-02 19:23:03.604  [http-nio-8084-exec-10] DEBUG [com.mooc.house.hsrv.mapper.HouseMapper.selectHouse:] http-nio-8084-exec-10cid - ==>  Preparing: select a.id , a.type, a.name, a.price, a.images , a.area , a.beds , a.baths , a.rating , a.remarks , a.properties , a.floor_plan , a.tags , a.create_time , a.city_id , a.community_id , a.address, a.state, b.user_id from house a inner join ( select house_id,user_id from house_user WHERE type = 1 ) b on a.id = b.house_id WHERE state = 1 order by a.create_time desc limit ?, ? 
2018-05-02 19:23:03.604  [http-nio-8084-exec-10] DEBUG [com.mooc.house.hsrv.mapper.HouseMapper.selectHouse:] http-nio-8084-exec-10cid - ==> Parameters: 0(Integer), 3(Integer)
2018-05-02 19:23:03.606  [http-nio-8084-exec-10] DEBUG [com.mooc.house.hsrv.mapper.HouseMapper.selectHouse:] http-nio-8084-exec-10cid - <==      Total: 3
2018-05-03 10:57:33.543  [http-nio-8083-exec-8] DEBUG [com.mooc.house.user.mapper.UserMapper.select:] http-nio-8083-exec-8cid - ==>  Preparing: select id, name, phone, email, aboutme, passwd, avatar, type, create_time, enable, agency_id from user WHERE email = ? and passwd = ? and enable = ? 
2018-05-03 10:57:33.578  [http-nio-8083-exec-8] DEBUG [com.mooc.house.user.mapper.UserMapper.select:] http-nio-8083-exec-8cid - ==> Parameters: 1105896487@qq.com(String), 9774f20408063cc19ac79e8afff1b59e(String), 1(Integer)
2018-05-03 10:57:33.823  [http-nio-8083-exec-8] DEBUG [com.mooc.house.user.mapper.UserMapper.select:] http-nio-8083-exec-8cid - <==      Total: 1
2018-05-03 10:57:38.888  [http-nio-8083-exec-10] DEBUG [com.mooc.house.user.mapper.UserMapper.select:] http-nio-8083-exec-10cid - ==>  Preparing: select id, name, phone, email, aboutme, passwd, avatar, type, create_time, enable, agency_id from user WHERE email = ? 
2018-05-03 10:57:38.889  [http-nio-8083-exec-10] DEBUG [com.mooc.house.user.mapper.UserMapper.select:] http-nio-8083-exec-10cid - ==> Parameters: 1105896487@qq.com(String)
2018-05-03 10:57:38.891  [http-nio-8083-exec-10] DEBUG [com.mooc.house.user.mapper.UserMapper.select:] http-nio-8083-exec-10cid - <==      Total: 1
2018-05-03 10:57:56.581  [http-nio-8083-exec-9] DEBUG [com.mooc.house.user.mapper.UserMapper.select:] http-nio-8083-exec-9cid - ==>  Preparing: select id, name, phone, email, aboutme, passwd, avatar, type, create_time, enable, agency_id from user WHERE email = ? 
2018-05-03 10:57:56.581  [http-nio-8083-exec-9] DEBUG [com.mooc.house.user.mapper.UserMapper.select:] http-nio-8083-exec-9cid - ==> Parameters: 1105896487@qq.com(String)
2018-05-03 10:57:56.584  [http-nio-8083-exec-9] DEBUG [com.mooc.house.user.mapper.UserMapper.select:] http-nio-8083-exec-9cid - <==      Total: 1
id - ==>  Preparing: select a.id , a.type, a.name, a.price, a.images , a.area , a.beds , a.baths , a.rating , a.remarks , a.properties , a.floor_plan , a.tags , a.create_time , a.city_id , a.community_id , a.address, a.state, b.user_id from house a inner join ( select house_id,user_id from house_user WHERE type = 1 ) b on a.id = b.house_id WHERE state = 1 order by a.create_time desc limit ?, ? 
2018-05-03 10:48:40.261  [http-nio-8084-exec-3] DEBUG [com.mooc.house.hsrv.mapper.HouseMapper.selectHouse:] http-nio-8084-exec-3cid - ==> Parameters: 0(Integer), 8(Integer)
2018-05-03 10:48:46.837  [http-nio-8084-exec-4] DEBUG [com.mooc.house.hsrv.mapper.HouseMapper.selectHouse:] http-nio-8084-exec-4cid - ==>  Preparing: select a.id , a.type, a.name, a.price, a.images , a.area , a.beds , a.baths , a.rating , a.remarks , a.properties , a.floor_plan , a.tags , a.create_time , a.city_id , a.community_id , a.address, a.state, b.user_id from house a inner join ( select house_id,user_id from house_user WHERE type = 1 ) b on a.id = b.house_id WHERE state = 1 order by a.create_time desc limit ?, ? 
2018-05-03 10:48:46.838  [http-nio-8084-exec-4] DEBUG [com.mooc.house.hsrv.mapper.HouseMapper.selectHouse:] http-nio-8084-exec-4cid - ==> Parameters: 0(Integer), 8(Integer)
2018-05-03 10:48:46.891  [http-nio-8084-exec-3] DEBUG [com.mooc.house.hsrv.mapper.HouseMapper.selectHouse:] http-nio-8084-exec-3cid - <==      Total: 6
2018-05-03 10:48:46.894  [http-nio-8084-exec-4] DEBUG [com.mooc.house.hsrv.mapper.HouseMapper.selectHouse:] http-nio-8084-exec-4cid - <==      Total: 6
2018-05-03 10:56:23.270  [http-nio-8084-exec-5] DEBUG [com.mooc.house.hsrv.mapper.HouseMapper.selectHouse:] http-nio-8084-exec-5cid - ==>  Preparing: select a.id , a.type, a.name, a.price, a.images , a.area , a.beds , a.baths , a.rating , a.remarks , a.properties , a.floor_plan , a.tags , a.create_time , a.city_id , a.community_id , a.address, a.state, b.user_id from house a inner join ( select house_id,user_id from house_user WHERE type = 1 ) b on a.id = b.house_id WHERE state = 1 order by a.create_time desc limit ?, ? 
2018-05-03 10:56:23.272  [http-nio-8084-exec-5] DEBUG [com.mooc.house.hsrv.mapper.HouseMapper.selectHouse:] http-nio-8084-exec-5cid - ==> Parameters: 0(Integer), 8(Integer)
2018-05-03 10:56:26.064  [http-nio-8084-exec-6] DEBUG [com.mooc.house.hsrv.mapper.HouseMapper.selectHouse:] http-nio-8084-exec-6cid - ==>  Preparing: select a.id , a.type, a.name, a.price, a.images , a.area , a.beds , a.baths , a.rating , a.remarks , a.properties , a.floor_plan , a.tags , a.create_time , a.city_id , a.community_id , a.address, a.state, b.user_id from house a inner join ( select house_id,user_id from house_user WHERE type = 1 ) b on a.id = b.house_id WHERE state = 1 order by a.create_time desc limit ?, ? 
2018-05-03 10:56:26.065  [http-nio-8084-exec-5] DEBUG [com.mooc.house.hsrv.mapper.HouseMapper.selectHouse:] http-nio-8084-exec-5cid - <==      Total: 6
2018-05-03 10:56:26.066  [http-nio-8084-exec-6] DEBUG [com.mooc.house.hsrv.mapper.HouseMapper.selectHouse:] http-nio-8084-exec-6cid - ==> Parameters: 0(Integer), 8(Integer)
2018-05-03 10:56:26.156  [http-nio-8084-exec-6] DEBUG [com.mooc.house.hsrv.mapper.HouseMapper.selectHouse:] http-nio-8084-exec-6cid - <==      Total: 6
2018-05-03 10:57:40.740  [http-nio-8084-exec-8] DEBUG [com.mooc.house.hsrv.mapper.HouseMapper.selectHouse:] http-nio-8084-exec-8cid - ==>  Preparing: select a.id , a.type, a.name, a.price, a.images , a.area , a.beds , a.baths , a.rating , a.remarks , a.properties , a.floor_plan , a.tags , a.create_time , a.city_id , a.community_id , a.address, a.state, b.user_id from house a inner join ( select house_id,user_id from house_user WHERE type = 1 ) b on a.id = b.house_id WHERE state = 1 order by a.create_time desc limit ?, ? 
2018-05-03 10:57:40.742  [http-nio-8084-exec-8] DEBUG [com.mooc.house.hsrv.mapper.HouseMapper.selectHouse:] http-nio-8084-exec-8cid - ==> Parameters: 0(Integer), 8(Integer)
2018-05-03 10:57:40.772  [http-nio-8084-exec-8] DEBUG [com.mooc.house.hsrv.mapper.HouseMapper.selectHouse:] http-nio-8084-exec-8cid - <==      Total: 6
2018-05-03 10:58:00.761  [http-nio-8084-exec-9] DEBUG [com.mooc.house.hsrv.mapper.HouseMapper.selectHouse:] http-nio-8084-exec-9cid - ==>  Preparing: select a.id , a.type, a.name, a.price, a.images , a.area , a.beds , a.baths , a.rating , a.remarks , a.properties , a.floor_plan , a.tags , a.create_time , a.city_id , a.community_id , a.address, a.state, b.user_id from house a inner join ( select house_id,user_id from house_user WHERE type = 1 ) b on a.id = b.house_id WHERE state = 1 order by a.create_time desc limit ?, ? 
2018-05-03 10:58:00.764  [http-nio-8084-exec-9] DEBUG [com.mooc.house.hsrv.mapper.HouseMapper.selectHouse:] http-nio-8084-exec-9cid - ==> Parameters: 0(Integer), 8(Integer)
2018-05-03 10:58:00.770  [http-nio-8084-exec-9] DEBUG [com.mooc.house.hsrv.mapper.HouseMapper.selectHouse:] http-nio-8084-exec-9cid - <==      Total: 6
