2018-05-11 15:00:12.575 [AsyncResolver-bootstrap-executor-0] INFO  [com.netflix.discovery.shared.resolver.aws.ConfigClusterResolver:43] AsyncResolver-bootstrap-executor-0cid - Resolving eureka endpoints via configuration
2018-05-11 15:03:20.851 [main] INFO  [org.springframework.context.annotation.AnnotationConfigApplicationContext:582] maincid - Refreshing org.springframework.context.annotation.AnnotationConfigApplicationContext@46044faa: startup date [Fri May 11 15:03:20 CST 2018]; root of context hierarchy
2018-05-11 15:03:21.139 [background-preinit] INFO  [org.hibernate.validator.internal.util.Version:30] background-preinitcid - HV000001: Hibernate Validator 5.2.4.Final
2018-05-11 15:03:21.184 [main] INFO  [org.springframework.beans.factory.annotation.AutowiredAnnotationBeanPostProcessor:155] maincid - JSR-330 'javax.inject.Inject' annotation found and supported for autowiring
2018-05-11 15:03:21.364 [main] INFO  [org.springframework.context.support.PostProcessorRegistrationDelegate$BeanPostProcessorChecker:325] maincid - Bean 'configurationPropertiesRebinderAutoConfiguration' of type [class org.springframework.cloud.autoconfigure.ConfigurationPropertiesRebinderAutoConfiguration$$EnhancerBySpringCGLIB$$2fb5de70] is not eligible for getting processed by all BeanPostProcessors (for example: not eligible for auto-proxying)
2018-05-11 15:03:21.948 [main] INFO  [com.mooc.house.hsrv.HouseSrvApplication:661] maincid - No active profile set, falling back to default profiles: default
2018-05-11 15:03:21.961 [main] INFO  [org.springframework.boot.context.embedded.AnnotationConfigEmbeddedWebApplicationContext:582] maincid - Refreshing org.springframework.boot.context.embedded.AnnotationConfigEmbeddedWebApplicationContext@54f4a7f0: startup date [Fri May 11 15:03:21 CST 2018]; parent: org.springframework.context.annotation.AnnotationConfigApplicationContext@46044faa
2018-05-11 15:03:25.522 [main] INFO  [org.springframework.beans.factory.support.DefaultListableBeanFactory:826] maincid - Overriding bean definition for bean 'managementServletContext' with a different definition: replacing [Root bean: class [null]; scope=; abstract=false; lazyInit=false; autowireMode=3; dependencyCheck=0; autowireCandidate=true; primary=false; factoryBeanName=org.springframework.boot.actuate.autoconfigure.EndpointWebMvcHypermediaManagementContextConfiguration; factoryMethodName=managementServletContext; initMethodName=null; destroyMethodName=(inferred); defined in class path resource [org/springframework/boot/actuate/autoconfigure/EndpointWebMvcHypermediaManagementContextConfiguration.class]] with [Root bean: class [null]; scope=; abstract=false; lazyInit=false; autowireMode=3; dependencyCheck=0; autowireCandidate=true; primary=false; factoryBeanName=org.springframework.boot.actuate.autoconfigure.EndpointWebMvcAutoConfiguration; factoryMethodName=managementServletContext; initMethodName=null; destroyMethodName=(inferred); defined in class path resource [org/springframework/boot/actuate/autoconfigure/EndpointWebMvcAutoConfiguration.class]]
2018-05-11 15:03:25.658 [main] INFO  [org.springframework.data.repository.config.RepositoryConfigurationDelegate:170] maincid - Multiple Spring Data modules found, entering strict repository configuration mode!
2018-05-11 15:03:25.761 [main] INFO  [org.springframework.data.repository.config.RepositoryConfigurationDelegate:170] maincid - Multiple Spring Data modules found, entering strict repository configuration mode!
2018-05-11 15:03:26.021 [main] WARN  [org.springframework.context.annotation.ConfigurationClassPostProcessor:373] maincid - Cannot enhance @Configuration bean definition 'refreshScope' since its singleton instance has been created too early. The typical cause is a non-static @Bean method with a BeanDefinitionRegistryPostProcessor return type: Consider declaring such methods as 'static'.
2018-05-11 15:03:26.211 [main] INFO  [org.springframework.cloud.context.scope.GenericScope:263] maincid - BeanFactory id=575f7baa-0110-3559-b2b9-f38eb28e17e2
2018-05-11 15:03:26.298 [main] INFO  [org.springframework.beans.factory.annotation.AutowiredAnnotationBeanPostProcessor:155] maincid - JSR-330 'javax.inject.Inject' annotation found and supported for autowiring
2018-05-11 15:03:26.385 [main] INFO  [org.springframework.context.support.PostProcessorRegistrationDelegate$BeanPostProcessorChecker:325] maincid - Bean 'org.springframework.cloud.sleuth.instrument.async.AsyncDefaultAutoConfiguration$DefaultAsyncConfigurerSupport' of type [class org.springframework.cloud.sleuth.instrument.async.AsyncDefaultAutoConfiguration$DefaultAsyncConfigurerSupport$$EnhancerBySpringCGLIB$$50dd7936] is not eligible for getting processed by all BeanPostProcessors (for example: not eligible for auto-proxying)
2018-05-11 15:03:26.556 [main] INFO  [org.springframework.context.support.PostProcessorRegistrationDelegate$BeanPostProcessorChecker:325] maincid - Bean 'org.springframework.transaction.annotation.ProxyTransactionManagementConfiguration' of type [class org.springframework.transaction.annotation.ProxyTransactionManagementConfiguration$$EnhancerBySpringCGLIB$$139bdb73] is not eligible for getting processed by all BeanPostProcessors (for example: not eligible for auto-proxying)
2018-05-11 15:03:26.995 [main] INFO  [org.springframework.context.support.PostProcessorRegistrationDelegate$BeanPostProcessorChecker:325] maincid - Bean 'org.springframework.cloud.netflix.metrics.MetricsInterceptorConfiguration$MetricsRestTemplateConfiguration' of type [class org.springframework.cloud.netflix.metrics.MetricsInterceptorConfiguration$MetricsRestTemplateConfiguration$$EnhancerBySpringCGLIB$$45c881b4] is not eligible for getting processed by all BeanPostProcessors (for example: not eligible for auto-proxying)
2018-05-11 15:03:27.033 [main] INFO  [org.springframework.context.support.PostProcessorRegistrationDelegate$BeanPostProcessorChecker:325] maincid - Bean 'org.springframework.cloud.autoconfigure.ConfigurationPropertiesRebinderAutoConfiguration' of type [class org.springframework.cloud.autoconfigure.ConfigurationPropertiesRebinderAutoConfiguration$$EnhancerBySpringCGLIB$$2fb5de70] is not eligible for getting processed by all BeanPostProcessors (for example: not eligible for auto-proxying)
2018-05-11 15:03:27.051 [main] INFO  [org.springframework.context.support.PostProcessorRegistrationDelegate$BeanPostProcessorChecker:325] maincid - Bean 'org.springframework.cloud.sleuth.instrument.web.client.feign.TraceFeignClientAutoConfiguration$FeignBeanPostProcessorConfiguration' of type [class org.springframework.cloud.sleuth.instrument.web.client.feign.TraceFeignClientAutoConfiguration$FeignBeanPostProcessorConfiguration$$EnhancerBySpringCGLIB$$532db439] is not eligible for getting processed by all BeanPostProcessors (for example: not eligible for auto-proxying)
2018-05-11 15:03:27.065 [main] INFO  [org.springframework.context.support.PostProcessorRegistrationDelegate$BeanPostProcessorChecker:325] maincid - Bean 'org.springframework.cloud.sleuth.instrument.web.client.feign.TraceFeignClientAutoConfiguration' of type [class org.springframework.cloud.sleuth.instrument.web.client.feign.TraceFeignClientAutoConfiguration$$EnhancerBySpringCGLIB$$498f5378] is not eligible for getting processed by all BeanPostProcessors (for example: not eligible for auto-proxying)
2018-05-11 15:03:27.081 [main] INFO  [org.springframework.context.support.PostProcessorRegistrationDelegate$BeanPostProcessorChecker:325] maincid - Bean 'traceFeignObjectWrapper' of type [class org.springframework.cloud.sleuth.instrument.web.client.feign.TraceFeignObjectWrapper] is not eligible for getting processed by all BeanPostProcessors (for example: not eligible for auto-proxying)
2018-05-11 15:03:27.760 [main] INFO  [org.springframework.boot.context.embedded.tomcat.TomcatEmbeddedServletContainer:87] maincid - Tomcat initialized with port(s): 8084 (http)
2018-05-11 15:03:27.777 [main] INFO  [org.apache.catalina.core.StandardService:179] maincid - Starting service Tomcat
2018-05-11 15:03:27.778 [main] INFO  [org.apache.catalina.core.StandardEngine:179] maincid - Starting Servlet Engine: Apache Tomcat/8.5.6
2018-05-11 15:03:28.038 [localhost-startStop-1] INFO  [org.apache.catalina.core.ContainerBase.[Tomcat].[localhost].[/]:179] localhost-startStop-1cid - Initializing Spring embedded WebApplicationContext
2018-05-11 15:03:28.038 [localhost-startStop-1] INFO  [org.springframework.web.context.ContextLoader:276] localhost-startStop-1cid - Root WebApplicationContext: initialization completed in 6077 ms
2018-05-11 15:03:29.926 [localhost-startStop-1] INFO  [org.springframework.boot.web.servlet.FilterRegistrationBean:258] localhost-startStop-1cid - Mapping filter: 'metricsFilter' to: [/*]
2018-05-11 15:03:29.926 [localhost-startStop-1] INFO  [org.springframework.boot.web.servlet.FilterRegistrationBean:258] localhost-startStop-1cid - Mapping filter: 'characterEncodingFilter' to: [/*]
2018-05-11 15:03:29.927 [localhost-startStop-1] INFO  [org.springframework.boot.context.embedded.FilterRegistrationBean:258] localhost-startStop-1cid - Mapping filter: 'traceFilter' to: [/*]
2018-05-11 15:03:29.927 [localhost-startStop-1] INFO  [org.springframework.boot.web.servlet.FilterRegistrationBean:258] localhost-startStop-1cid - Mapping filter: 'hiddenHttpMethodFilter' to: [/*]
2018-05-11 15:03:29.927 [localhost-startStop-1] INFO  [org.springframework.boot.web.servlet.FilterRegistrationBean:258] localhost-startStop-1cid - Mapping filter: 'httpPutFormContentFilter' to: [/*]
2018-05-11 15:03:29.927 [localhost-startStop-1] INFO  [org.springframework.boot.web.servlet.FilterRegistrationBean:258] localhost-startStop-1cid - Mapping filter: 'requestContextFilter' to: [/*]
2018-05-11 15:03:29.927 [localhost-startStop-1] INFO  [org.springframework.boot.web.servlet.FilterRegistrationBean:258] localhost-startStop-1cid - Mapping filter: 'webRequestLoggingFilter' to: [/*]
2018-05-11 15:03:29.927 [localhost-startStop-1] INFO  [org.springframework.boot.web.servlet.FilterRegistrationBean:258] localhost-startStop-1cid - Mapping filter: 'authorizedLogbookFilter' to: [/*]
2018-05-11 15:03:29.927 [localhost-startStop-1] INFO  [org.springframework.boot.web.servlet.FilterRegistrationBean:258] localhost-startStop-1cid - Mapping filter: 'applicationContextIdFilter' to: [/*]
2018-05-11 15:03:29.928 [localhost-startStop-1] INFO  [org.springframework.boot.web.servlet.ServletRegistrationBean:190] localhost-startStop-1cid - Mapping servlet: 'dispatcherServlet' to [/]
2018-05-11 15:03:30.716 [main] INFO  [org.mongodb.driver.cluster:71] maincid - Cluster created with settings {hosts=[localhost:27017], mode=SINGLE, requiredClusterType=UNKNOWN, serverSelectionTimeout='30000 ms', maxWaitQueueSize=500}
2018-05-11 15:03:30.918 [cluster-ClusterId{value='5af540420ed34f43809d0c17', description='null'}-localhost:27017] INFO  [org.mongodb.driver.connection:71] cluster-ClusterId{value='5af540420ed34f43809d0c17', description='null'}-localhost:27017cid - Opened connection [connectionId{localValue:1, serverValue:7}] to localhost:27017
2018-05-11 15:03:30.920 [cluster-ClusterId{value='5af540420ed34f43809d0c17', description='null'}-localhost:27017] INFO  [org.mongodb.driver.cluster:71] cluster-ClusterId{value='5af540420ed34f43809d0c17', description='null'}-localhost:27017cid - Monitor thread successfully connected to server with description ServerDescription{address=localhost:27017, type=STANDALONE, state=CONNECTED, ok=true, version=ServerVersion{versionList=[3, 4, 1]}, minWireVersion=0, maxWireVersion=5, maxDocumentSize=16777216, roundTripTimeNanos=652831}
2018-05-11 15:03:33.551 [main] INFO  [com.alibaba.druid.pool.DruidDataSource:106] maincid - {dataSource-1} inited
2018-05-11 15:03:37.606 [main] INFO  [org.springframework.web.servlet.mvc.method.annotation.RequestMappingHandlerMapping:543] maincid - Mapped "{[/redis/baseRedis]}" onto public void com.mooc.house.hsrv.controller.BaseRedisController.baseRedis()
2018-05-11 15:03:37.608 [main] INFO  [org.springframework.web.servlet.mvc.method.annotation.RequestMappingHandlerMapping:543] maincid - Mapped "{[/house/allCommunitys]}" onto public com.mooc.house.hsrv.common.RestResponse<java.util.List<com.mooc.house.hsrv.model.Community>> com.mooc.house.hsrv.controller.HouseController.toAdd()
2018-05-11 15:03:37.608 [main] INFO  [org.springframework.web.servlet.mvc.method.annotation.RequestMappingHandlerMapping:543] maincid - Mapped "{[/house/lastest]}" onto public com.mooc.house.hsrv.common.RestResponse<java.util.List<com.mooc.house.hsrv.model.House>> com.mooc.house.hsrv.controller.HouseController.getLastest()
2018-05-11 15:03:37.610 [main] INFO  [org.springframework.web.servlet.mvc.method.annotation.RequestMappingHandlerMapping:543] maincid - Mapped "{[/house/addUserMsg]}" onto public com.mooc.house.hsrv.common.RestResponse<java.lang.Object> com.mooc.house.hsrv.controller.HouseController.houseMsg(com.mooc.house.hsrv.model.UserMsg)
2018-05-11 15:03:37.610 [main] INFO  [org.springframework.web.servlet.mvc.method.annotation.RequestMappingHandlerMapping:543] maincid - Mapped "{[/house/hot]}" onto public com.mooc.house.hsrv.common.RestResponse<java.util.List<com.mooc.house.hsrv.model.House>> com.mooc.house.hsrv.controller.HouseController.getHotHouse(java.lang.Integer)
2018-05-11 15:03:37.611 [main] INFO  [org.springframework.web.servlet.mvc.method.annotation.RequestMappingHandlerMapping:543] maincid - Mapped "{[/house/detail]}" onto public com.mooc.house.hsrv.common.RestResponse<com.mooc.house.hsrv.model.House> com.mooc.house.hsrv.controller.HouseController.houseDetail(long)
2018-05-11 15:03:37.611 [main] INFO  [org.springframework.web.servlet.mvc.method.annotation.RequestMappingHandlerMapping:543] maincid - Mapped "{[/house/allCitys]}" onto public com.mooc.house.hsrv.common.RestResponse<java.util.List<com.mooc.house.hsrv.model.City>> com.mooc.house.hsrv.controller.HouseController.allCitys()
2018-05-11 15:03:37.611 [main] INFO  [org.springframework.web.servlet.mvc.method.annotation.RequestMappingHandlerMapping:543] maincid - Mapped "{[/house/rating]}" onto public com.mooc.house.hsrv.common.RestResponse<java.lang.Object> com.mooc.house.hsrv.controller.HouseController.houseRate(java.lang.Double,java.lang.Long)
2018-05-11 15:03:37.611 [main] INFO  [org.springframework.web.servlet.mvc.method.annotation.RequestMappingHandlerMapping:543] maincid - Mapped "{[/house/bind]}" onto public com.mooc.house.hsrv.common.RestResponse<java.lang.Object> com.mooc.house.hsrv.controller.HouseController.delsale(com.mooc.house.hsrv.model.HouseUserReq)
2018-05-11 15:03:37.611 [main] INFO  [org.springframework.web.servlet.mvc.method.annotation.RequestMappingHandlerMapping:543] maincid - Mapped "{[/house/list]}" onto public com.mooc.house.hsrv.common.RestResponse<com.mooc.house.hsrv.model.ListResponse<com.mooc.house.hsrv.model.House>> com.mooc.house.hsrv.controller.HouseController.houseList(com.mooc.house.hsrv.model.HouseQueryReq)
2018-05-11 15:03:37.611 [main] INFO  [org.springframework.web.servlet.mvc.method.annotation.RequestMappingHandlerMapping:543] maincid - Mapped "{[/house/add]}" onto public com.mooc.house.hsrv.common.RestResponse<java.lang.Object> com.mooc.house.hsrv.controller.HouseController.doAdd(com.mooc.house.hsrv.model.House)
2018-05-11 15:03:37.612 [main] INFO  [org.springframework.web.servlet.mvc.method.annotation.RequestMappingHandlerMapping:543] maincid - Mapped "{[/v2/api-docs],methods=[GET]}" onto public org.springframework.http.ResponseEntity<springfox.documentation.spring.web.json.Json> springfox.documentation.swagger2.web.Swagger2Controller.getDocumentation(java.lang.String)
2018-05-11 15:03:37.615 [main] INFO  [org.springframework.web.servlet.mvc.method.annotation.RequestMappingHandlerMapping:543] maincid - Mapped "{[/configuration/security]}" onto org.springframework.http.ResponseEntity<springfox.documentation.swagger.web.SecurityConfiguration> springfox.documentation.swagger.web.ApiResourceController.securityConfiguration()
2018-05-11 15:03:37.615 [main] INFO  [org.springframework.web.servlet.mvc.method.annotation.RequestMappingHandlerMapping:543] maincid - Mapped "{[/swagger-resources]}" onto org.springframework.http.ResponseEntity<java.util.List<springfox.documentation.swagger.web.SwaggerResource>> springfox.documentation.swagger.web.ApiResourceController.swaggerResources()
2018-05-11 15:03:37.616 [main] INFO  [org.springframework.web.servlet.mvc.method.annotation.RequestMappingHandlerMapping:543] maincid - Mapped "{[/configuration/ui]}" onto org.springframework.http.ResponseEntity<springfox.documentation.swagger.web.UiConfiguration> springfox.documentation.swagger.web.ApiResourceController.uiConfiguration()
2018-05-11 15:03:37.619 [main] INFO  [org.springframework.web.servlet.mvc.method.annotation.RequestMappingHandlerMapping:543] maincid - Mapped "{[/error]}" onto public org.springframework.http.ResponseEntity<java.util.Map<java.lang.String, java.lang.Object>> org.springframework.boot.autoconfigure.web.BasicErrorController.error(javax.servlet.http.HttpServletRequest)
2018-05-11 15:03:37.620 [main] INFO  [org.springframework.web.servlet.mvc.method.annotation.RequestMappingHandlerMapping:543] maincid - Mapped "{[/error],produces=[text/html]}" onto public org.springframework.web.servlet.ModelAndView org.springframework.boot.autoconfigure.web.BasicErrorController.errorHtml(javax.servlet.http.HttpServletRequest,javax.servlet.http.HttpServletResponse)
2018-05-11 15:03:38.713 [main] INFO  [org.springframework.boot.actuate.endpoint.mvc.EndpointHandlerMapping:543] maincid - Mapped "{[/dump || /dump.json],methods=[GET],produces=[application/json]}" onto public java.lang.Object org.springframework.boot.actuate.endpoint.mvc.EndpointMvcAdapter.invoke()
2018-05-11 15:03:38.713 [main] INFO  [org.springframework.boot.actuate.endpoint.mvc.EndpointHandlerMapping:543] maincid - Mapped "{[/pause || /pause.json],methods=[POST]}" onto public java.lang.Object org.springframework.cloud.endpoint.GenericPostableMvcEndpoint.invoke()
2018-05-11 15:03:38.714 [main] INFO  [org.springframework.boot.actuate.endpoint.mvc.EndpointHandlerMapping:543] maincid - Mapped "{[/health || /health.json],produces=[application/json]}" onto public java.lang.Object org.springframework.boot.actuate.endpoint.mvc.HealthMvcEndpoint.invoke(java.security.Principal)
2018-05-11 15:03:38.716 [main] INFO  [org.springframework.boot.actuate.endpoint.mvc.EndpointHandlerMapping:543] maincid - Mapped "{[/configprops || /configprops.json],methods=[GET],produces=[application/json]}" onto public java.lang.Object org.springframework.boot.actuate.endpoint.mvc.EndpointMvcAdapter.invoke()
2018-05-11 15:03:38.716 [main] INFO  [org.springframework.boot.actuate.endpoint.mvc.EndpointHandlerMapping:543] maincid - Mapped "{[/resume || /resume.json],methods=[POST]}" onto public java.lang.Object org.springframework.cloud.endpoint.GenericPostableMvcEndpoint.invoke()
2018-05-11 15:03:38.717 [main] INFO  [org.springframework.boot.actuate.endpoint.mvc.EndpointHandlerMapping:543] maincid - Mapped "{[/beans || /beans.json],methods=[GET],produces=[application/json]}" onto public java.lang.Object org.springframework.boot.actuate.endpoint.mvc.EndpointMvcAdapter.invoke()
2018-05-11 15:03:38.717 [main] INFO  [org.springframework.boot.actuate.endpoint.mvc.EndpointHandlerMapping:543] maincid - Mapped "{[/mappings || /mappings.json],methods=[GET],produces=[application/json]}" onto public java.lang.Object org.springframework.boot.actuate.endpoint.mvc.EndpointMvcAdapter.invoke()
2018-05-11 15:03:38.718 [main] INFO  [org.springframework.boot.actuate.endpoint.mvc.EndpointHandlerMapping:543] maincid - Mapped "{[/features || /features.json],methods=[GET],produces=[application/json]}" onto public java.lang.Object org.springframework.boot.actuate.endpoint.mvc.EndpointMvcAdapter.invoke()
2018-05-11 15:03:38.718 [main] INFO  [org.springframework.boot.actuate.endpoint.mvc.EndpointHandlerMapping:543] maincid - Mapped "{[/env],methods=[POST]}" onto public java.lang.Object org.springframework.cloud.context.environment.EnvironmentManagerMvcEndpoint.value(java.util.Map<java.lang.String, java.lang.String>)
2018-05-11 15:03:38.718 [main] INFO  [org.springframework.boot.actuate.endpoint.mvc.EndpointHandlerMapping:543] maincid - Mapped "{[/env/reset],methods=[POST]}" onto public java.util.Map<java.lang.String, java.lang.Object> org.springframework.cloud.context.environment.EnvironmentManagerMvcEndpoint.reset()
2018-05-11 15:03:38.719 [main] INFO  [org.springframework.boot.actuate.endpoint.mvc.EndpointHandlerMapping:543] maincid - Mapped "{[/metrics/{name:.*}],methods=[GET],produces=[application/json]}" onto public java.lang.Object org.springframework.boot.actuate.endpoint.mvc.MetricsMvcEndpoint.value(java.lang.String)
2018-05-11 15:03:38.720 [main] INFO  [org.springframework.boot.actuate.endpoint.mvc.EndpointHandlerMapping:543] maincid - Mapped "{[/metrics || /metrics.json],methods=[GET],produces=[application/json]}" onto public java.lang.Object org.springframework.boot.actuate.endpoint.mvc.EndpointMvcAdapter.invoke()
2018-05-11 15:03:38.720 [main] INFO  [org.springframework.boot.actuate.endpoint.mvc.EndpointHandlerMapping:543] maincid - Mapped "{[/trace || /trace.json],methods=[GET],produces=[application/json]}" onto public java.lang.Object org.springframework.boot.actuate.endpoint.mvc.EndpointMvcAdapter.invoke()
2018-05-11 15:03:38.724 [main] INFO  [org.springframework.boot.actuate.endpoint.mvc.EndpointHandlerMapping:543] maincid - Mapped "{[/autoconfig || /autoconfig.json],methods=[GET],produces=[application/json]}" onto public java.lang.Object org.springframework.boot.actuate.endpoint.mvc.EndpointMvcAdapter.invoke()
2018-05-11 15:03:38.724 [main] INFO  [org.springframework.boot.actuate.endpoint.mvc.EndpointHandlerMapping:543] maincid - Mapped "{[/actuator || /actuator.json],produces=[application/json]}" onto public org.springframework.hateoas.ResourceSupport org.springframework.boot.actuate.endpoint.mvc.HalJsonMvcEndpoint.links()
2018-05-11 15:03:38.725 [main] INFO  [org.springframework.boot.actuate.endpoint.mvc.EndpointHandlerMapping:543] maincid - Mapped "{[/restart || /restart.json],methods=[POST]}" onto public java.lang.Object org.springframework.cloud.context.restart.RestartMvcEndpoint.invoke()
2018-05-11 15:03:38.725 [main] INFO  [org.springframework.boot.actuate.endpoint.mvc.EndpointHandlerMapping:543] maincid - Mapped "{[/refresh || /refresh.json],methods=[POST]}" onto public java.lang.Object org.springframework.cloud.endpoint.GenericPostableMvcEndpoint.invoke()
2018-05-11 15:03:38.726 [main] INFO  [org.springframework.boot.actuate.endpoint.mvc.EndpointHandlerMapping:543] maincid - Mapped "{[/archaius || /archaius.json],methods=[GET],produces=[application/json]}" onto public java.lang.Object org.springframework.boot.actuate.endpoint.mvc.EndpointMvcAdapter.invoke()
2018-05-11 15:03:38.727 [main] INFO  [org.springframework.boot.actuate.endpoint.mvc.EndpointHandlerMapping:543] maincid - Mapped "{[/env/{name:.*}],methods=[GET],produces=[application/json]}" onto public java.lang.Object org.springframework.boot.actuate.endpoint.mvc.EnvironmentMvcEndpoint.value(java.lang.String)
2018-05-11 15:03:38.727 [main] INFO  [org.springframework.boot.actuate.endpoint.mvc.EndpointHandlerMapping:543] maincid - Mapped "{[/env || /env.json],methods=[GET],produces=[application/json]}" onto public java.lang.Object org.springframework.boot.actuate.endpoint.mvc.EndpointMvcAdapter.invoke()
2018-05-11 15:03:38.728 [main] INFO  [org.springframework.boot.actuate.endpoint.mvc.EndpointHandlerMapping:543] maincid - Mapped "{[/heapdump || /heapdump.json],methods=[GET],produces=[application/octet-stream]}" onto public void org.springframework.boot.actuate.endpoint.mvc.HeapdumpMvcEndpoint.invoke(boolean,javax.servlet.http.HttpServletRequest,javax.servlet.http.HttpServletResponse) throws java.io.IOException,javax.servlet.ServletException
2018-05-11 15:03:38.728 [main] INFO  [org.springframework.boot.actuate.endpoint.mvc.EndpointHandlerMapping:543] maincid - Mapped "{[/info || /info.json],methods=[GET],produces=[application/json]}" onto public java.lang.Object org.springframework.boot.actuate.endpoint.mvc.EndpointMvcAdapter.invoke()
2018-05-11 15:03:39.496 [main] INFO  [org.springframework.web.servlet.mvc.method.annotation.RequestMappingHandlerAdapter:534] maincid - Looking for @ControllerAdvice: org.springframework.boot.context.embedded.AnnotationConfigEmbeddedWebApplicationContext@54f4a7f0: startup date [Fri May 11 15:03:21 CST 2018]; parent: org.springframework.context.annotation.AnnotationConfigApplicationContext@46044faa
2018-05-11 15:03:39.510 [main] INFO  [org.springframework.web.servlet.mvc.method.annotation.RequestMappingHandlerAdapter:566] maincid - Detected ResponseBodyAdvice bean in org.springframework.boot.actuate.autoconfigure.EndpointWebMvcHypermediaManagementContextConfiguration$ActuatorEndpointLinksAdvice
2018-05-11 15:03:39.691 [main] INFO  [org.springframework.web.servlet.handler.SimpleUrlHandlerMapping:354] maincid - Mapped URL path [/webjars/**] onto handler of type [class org.springframework.web.servlet.resource.ResourceHttpRequestHandler]
2018-05-11 15:03:39.691 [main] INFO  [org.springframework.web.servlet.handler.SimpleUrlHandlerMapping:354] maincid - Mapped URL path [/**] onto handler of type [class org.springframework.web.servlet.resource.ResourceHttpRequestHandler]
2018-05-11 15:03:39.757 [main] INFO  [org.springframework.web.servlet.mvc.method.annotation.ExceptionHandlerExceptionResolver:273] maincid - Detected @ExceptionHandler methods in globalExceptionHandler
2018-05-11 15:03:39.757 [main] INFO  [org.springframework.web.servlet.mvc.method.annotation.ExceptionHandlerExceptionResolver:279] maincid - Detected ResponseBodyAdvice implementation in org.springframework.boot.actuate.autoconfigure.EndpointWebMvcHypermediaManagementContextConfiguration$ActuatorEndpointLinksAdvice
2018-05-11 15:03:39.834 [main] INFO  [org.springframework.web.servlet.handler.SimpleUrlHandlerMapping:354] maincid - Mapped URL path [/**/favicon.ico] onto handler of type [class org.springframework.web.servlet.resource.ResourceHttpRequestHandler]
2018-05-11 15:03:41.802 [main] INFO  [org.springframework.ui.freemarker.SpringTemplateLoader:61] maincid - SpringTemplateLoader for FreeMarker: using resource loader [org.springframework.boot.context.embedded.AnnotationConfigEmbeddedWebApplicationContext@54f4a7f0: startup date [Fri May 11 15:03:21 CST 2018]; parent: org.springframework.context.annotation.AnnotationConfigApplicationContext@46044faa] and template loader path [classpath:/templates/]
2018-05-11 15:03:41.803 [main] INFO  [org.springframework.web.servlet.view.freemarker.FreeMarkerConfigurer:127] maincid - ClassTemplateLoader for Spring macros added to FreeMarker configuration
2018-05-11 15:03:42.714 [main] WARN  [org.springframework.boot.starter.redis.RedisStarterDeprecationWarningAutoConfiguration:43] maincid - spring-boot-starter-redis is deprecated as of Spring Boot 1.4, please migrate to spring-boot-starter-data-redis
2018-05-11 15:03:42.892 [main] WARN  [com.netflix.config.sources.URLConfigurationSource:121] maincid - No URLs will be polled as dynamic configuration sources.
2018-05-11 15:03:42.892 [main] INFO  [com.netflix.config.sources.URLConfigurationSource:122] maincid - To enable URLs as dynamic configuration sources, define System property archaius.configurationSource.additionalUrls or make config.properties available on classpath.
2018-05-11 15:03:42.945 [main] WARN  [com.netflix.config.sources.URLConfigurationSource:121] maincid - No URLs will be polled as dynamic configuration sources.
2018-05-11 15:03:42.945 [main] INFO  [com.netflix.config.sources.URLConfigurationSource:122] maincid - To enable URLs as dynamic configuration sources, define System property archaius.configurationSource.additionalUrls or make config.properties available on classpath.
2018-05-11 15:03:43.304 [main] INFO  [org.springframework.scheduling.concurrent.ThreadPoolTaskScheduler:165] maincid - Initializing ExecutorService 
2018-05-11 15:03:43.688 [main] INFO  [org.springframework.jmx.export.annotation.AnnotationMBeanExporter:431] maincid - Registering beans for JMX exposure on startup
2018-05-11 15:03:43.690 [main] INFO  [org.springframework.jmx.export.annotation.AnnotationMBeanExporter:916] maincid - Bean with name 'dataSource' has been autodetected for JMX exposure
2018-05-11 15:03:43.690 [main] INFO  [org.springframework.jmx.export.annotation.AnnotationMBeanExporter:916] maincid - Bean with name 'statFilter' has been autodetected for JMX exposure
2018-05-11 15:03:43.698 [main] INFO  [org.springframework.jmx.export.annotation.AnnotationMBeanExporter:916] maincid - Bean with name 'refreshScope' has been autodetected for JMX exposure
2018-05-11 15:03:43.699 [main] INFO  [org.springframework.jmx.export.annotation.AnnotationMBeanExporter:916] maincid - Bean with name 'environmentManager' has been autodetected for JMX exposure
2018-05-11 15:03:43.702 [main] INFO  [org.springframework.jmx.export.annotation.AnnotationMBeanExporter:916] maincid - Bean with name 'configurationPropertiesRebinder' has been autodetected for JMX exposure
2018-05-11 15:03:43.702 [main] INFO  [org.springframework.jmx.export.annotation.AnnotationMBeanExporter:916] maincid - Bean with name 'refreshEndpoint' has been autodetected for JMX exposure
2018-05-11 15:03:43.703 [main] INFO  [org.springframework.jmx.export.annotation.AnnotationMBeanExporter:916] maincid - Bean with name 'restartEndpoint' has been autodetected for JMX exposure
2018-05-11 15:03:43.708 [main] INFO  [org.springframework.jmx.export.annotation.AnnotationMBeanExporter:678] maincid - Located managed bean 'environmentManager': registering with JMX server as MBean [org.springframework.cloud.context.environment:name=environmentManager,type=EnvironmentManager]
2018-05-11 15:03:43.748 [main] INFO  [org.springframework.jmx.export.annotation.AnnotationMBeanExporter:678] maincid - Located managed bean 'restartEndpoint': registering with JMX server as MBean [org.springframework.cloud.context.restart:name=restartEndpoint,type=RestartEndpoint]
2018-05-11 15:03:43.759 [main] INFO  [org.springframework.jmx.export.annotation.AnnotationMBeanExporter:678] maincid - Located managed bean 'refreshScope': registering with JMX server as MBean [org.springframework.cloud.context.scope.refresh:name=refreshScope,type=RefreshScope]
2018-05-11 15:03:43.772 [main] INFO  [org.springframework.jmx.export.annotation.AnnotationMBeanExporter:678] maincid - Located managed bean 'configurationPropertiesRebinder': registering with JMX server as MBean [org.springframework.cloud.context.properties:name=configurationPropertiesRebinder,context=54f4a7f0,type=ConfigurationPropertiesRebinder]
2018-05-11 15:03:43.778 [main] INFO  [org.springframework.jmx.export.annotation.AnnotationMBeanExporter:671] maincid - Located MBean 'dataSource': registering with JMX server as MBean [com.alibaba.druid.pool:name=dataSource,type=DruidDataSource]
2018-05-11 15:03:43.781 [main] INFO  [org.springframework.jmx.export.annotation.AnnotationMBeanExporter:678] maincid - Located managed bean 'refreshEndpoint': registering with JMX server as MBean [org.springframework.cloud.endpoint:name=refreshEndpoint,type=RefreshEndpoint]
2018-05-11 15:03:43.783 [main] INFO  [org.springframework.jmx.export.annotation.AnnotationMBeanExporter:671] maincid - Located MBean 'statFilter': registering with JMX server as MBean [com.alibaba.druid.filter.stat:name=statFilter,type=StatFilter]
2018-05-11 15:03:43.784 [main] INFO  [org.springframework.boot.actuate.endpoint.jmx.EndpointMBeanExporter:431] maincid - Registering beans for JMX exposure on startup
2018-05-11 15:03:44.278 [main] INFO  [org.springframework.context.support.DefaultLifecycleProcessor:341] maincid - Starting beans in phase 0
2018-05-11 15:03:44.288 [main] INFO  [org.springframework.cloud.netflix.eureka.InstanceInfoFactory:70] maincid - Setting initial instance status as: STARTING
2018-05-11 15:03:45.129 [main] INFO  [com.netflix.discovery.provider.DiscoveryJerseyProvider:70] maincid - Using JSON encoding codec LegacyJacksonJson
2018-05-11 15:03:45.130 [main] INFO  [com.netflix.discovery.provider.DiscoveryJerseyProvider:71] maincid - Using JSON decoding codec LegacyJacksonJson
2018-05-11 15:03:45.300 [main] INFO  [com.netflix.discovery.provider.DiscoveryJerseyProvider:80] maincid - Using XML encoding codec XStreamXml
2018-05-11 15:03:45.300 [main] INFO  [com.netflix.discovery.provider.DiscoveryJerseyProvider:81] maincid - Using XML decoding codec XStreamXml
2018-05-11 15:03:46.091 [main] INFO  [com.netflix.discovery.shared.resolver.aws.ConfigClusterResolver:43] maincid - Resolving eureka endpoints via configuration
2018-05-11 15:03:46.277 [main] INFO  [com.netflix.discovery.DiscoveryClient:937] maincid - Disable delta property : false
2018-05-11 15:03:46.278 [main] INFO  [com.netflix.discovery.DiscoveryClient:938] maincid - Single vip registry refresh property : null
2018-05-11 15:03:46.278 [main] INFO  [com.netflix.discovery.DiscoveryClient:939] maincid - Force full registry fetch : false
2018-05-11 15:03:46.278 [main] INFO  [com.netflix.discovery.DiscoveryClient:940] maincid - Application is null : false
2018-05-11 15:03:46.278 [main] INFO  [com.netflix.discovery.DiscoveryClient:941] maincid - Registered Applications size is zero : true
2018-05-11 15:03:46.278 [main] INFO  [com.netflix.discovery.DiscoveryClient:943] maincid - Application version is -1: true
2018-05-11 15:03:46.278 [main] INFO  [com.netflix.discovery.DiscoveryClient:1026] maincid - Getting all instance registry info from the eureka server
2018-05-11 15:03:46.845 [main] INFO  [com.netflix.discovery.DiscoveryClient:1035] maincid - The response status is 200
2018-05-11 15:03:46.846 [main] INFO  [com.netflix.discovery.DiscoveryClient:1261] maincid - Starting heartbeat executor: renew interval is: 5
2018-05-11 15:03:46.850 [main] INFO  [com.netflix.discovery.InstanceInfoReplicator:59] maincid - InstanceInfoReplicator onDemand update allowed rate per min is 4
2018-05-11 15:03:46.853 [main] INFO  [com.netflix.discovery.DiscoveryClient:461] maincid - Discovery Client initialized at timestamp 1526022226853 with initial instances count: 0
2018-05-11 15:03:46.954 [main] INFO  [org.springframework.cloud.netflix.eureka.EurekaDiscoveryClientConfiguration:100] maincid - Registering application house with eureka with status UP
2018-05-11 15:03:46.957 [main] INFO  [com.netflix.discovery.DiscoveryClient:1296] maincid - Saw local status change event StatusChangeEvent [timestamp=1526022226957, current=UP, previous=STARTING]
2018-05-11 15:03:46.960 [DiscoveryClient-InstanceInfoReplicator-0] INFO  [com.netflix.discovery.DiscoveryClient:812] DiscoveryClient-InstanceInfoReplicator-0cid - DiscoveryClient_HOUSE/10.72.9.151:house:8084: registering service...
2018-05-11 15:03:46.968 [main] INFO  [org.springframework.boot.actuate.endpoint.jmx.EndpointMBeanExporter:678] maincid - Located managed bean 'featuresEndpoint': registering with JMX server as MBean [org.springframework.boot:type=Endpoint,name=featuresEndpoint]
2018-05-11 15:03:47.308 [main] INFO  [org.springframework.boot.actuate.endpoint.jmx.EndpointMBeanExporter:678] maincid - Located managed bean 'requestMappingEndpoint': registering with JMX server as MBean [org.springframework.boot:type=Endpoint,name=requestMappingEndpoint]
2018-05-11 15:03:47.310 [main] INFO  [org.springframework.boot.actuate.endpoint.jmx.EndpointMBeanExporter:678] maincid - Located managed bean 'environmentEndpoint': registering with JMX server as MBean [org.springframework.boot:type=Endpoint,name=environmentEndpoint]
2018-05-11 15:03:47.315 [main] INFO  [org.springframework.boot.actuate.endpoint.jmx.EndpointMBeanExporter:678] maincid - Located managed bean 'healthEndpoint': registering with JMX server as MBean [org.springframework.boot:type=Endpoint,name=healthEndpoint]
2018-05-11 15:03:47.317 [main] INFO  [org.springframework.boot.actuate.endpoint.jmx.EndpointMBeanExporter:678] maincid - Located managed bean 'beansEndpoint': registering with JMX server as MBean [org.springframework.boot:type=Endpoint,name=beansEndpoint]
2018-05-11 15:03:47.321 [main] INFO  [org.springframework.boot.actuate.endpoint.jmx.EndpointMBeanExporter:678] maincid - Located managed bean 'infoEndpoint': registering with JMX server as MBean [org.springframework.boot:type=Endpoint,name=infoEndpoint]
2018-05-11 15:03:47.324 [main] INFO  [org.springframework.boot.actuate.endpoint.jmx.EndpointMBeanExporter:678] maincid - Located managed bean 'metricsEndpoint': registering with JMX server as MBean [org.springframework.boot:type=Endpoint,name=metricsEndpoint]
2018-05-11 15:03:47.327 [main] INFO  [org.springframework.boot.actuate.endpoint.jmx.EndpointMBeanExporter:678] maincid - Located managed bean 'traceEndpoint': registering with JMX server as MBean [org.springframework.boot:type=Endpoint,name=traceEndpoint]
2018-05-11 15:03:47.330 [main] INFO  [org.springframework.boot.actuate.endpoint.jmx.EndpointMBeanExporter:678] maincid - Located managed bean 'dumpEndpoint': registering with JMX server as MBean [org.springframework.boot:type=Endpoint,name=dumpEndpoint]
2018-05-11 15:03:47.333 [main] INFO  [org.springframework.boot.actuate.endpoint.jmx.EndpointMBeanExporter:678] maincid - Located managed bean 'autoConfigurationReportEndpoint': registering with JMX server as MBean [org.springframework.boot:type=Endpoint,name=autoConfigurationReportEndpoint]
2018-05-11 15:03:47.336 [main] INFO  [org.springframework.boot.actuate.endpoint.jmx.EndpointMBeanExporter:678] maincid - Located managed bean 'configurationPropertiesReportEndpoint': registering with JMX server as MBean [org.springframework.boot:type=Endpoint,name=configurationPropertiesReportEndpoint]
2018-05-11 15:03:47.340 [main] INFO  [org.springframework.boot.actuate.endpoint.jmx.EndpointMBeanExporter:678] maincid - Located managed bean 'archaiusEndpoint': registering with JMX server as MBean [org.springframework.boot:type=Endpoint,name=archaiusEndpoint]
2018-05-11 15:03:47.741 [DiscoveryClient-InstanceInfoReplicator-0] INFO  [com.netflix.discovery.DiscoveryClient:821] DiscoveryClient-InstanceInfoReplicator-0cid - DiscoveryClient_HOUSE/10.72.9.151:house:8084 - registration status: 204
2018-05-11 15:03:48.091 [main] INFO  [org.apache.coyote.http11.Http11NioProtocol:179] maincid - Initializing ProtocolHandler ["http-nio-8084"]
2018-05-11 15:03:48.120 [main] INFO  [org.apache.coyote.http11.Http11NioProtocol:179] maincid - Starting ProtocolHandler [http-nio-8084]
2018-05-11 15:03:48.132 [main] INFO  [org.apache.tomcat.util.net.NioSelectorPool:179] maincid - Using a shared selector for servlet write/read
2018-05-11 15:03:48.150 [main] INFO  [org.springframework.boot.context.embedded.tomcat.TomcatEmbeddedServletContainer:185] maincid - Tomcat started on port(s): 8084 (http)
2018-05-11 15:03:48.151 [main] INFO  [org.springframework.cloud.netflix.eureka.EurekaDiscoveryClientConfiguration:168] maincid - Updating port to 8084
2018-05-11 15:03:48.157 [main] INFO  [com.mooc.house.hsrv.HouseSrvApplication:57] maincid - Started HouseSrvApplication in 28.508 seconds (JVM running for 33.334)
2018-05-11 15:03:49.625 [RMI TCP Connection(9)-127.0.0.1] INFO  [org.mongodb.driver.connection:71] RMI TCP Connection(9)-127.0.0.1cid - Opened connection [connectionId{localValue:2, serverValue:8}] to localhost:27017
2018-05-11 15:04:16.848 [DiscoveryClient-CacheRefreshExecutor-0] INFO  [com.netflix.discovery.DiscoveryClient:937] DiscoveryClient-CacheRefreshExecutor-0cid - Disable delta property : false
2018-05-11 15:04:16.848 [DiscoveryClient-CacheRefreshExecutor-0] INFO  [com.netflix.discovery.DiscoveryClient:938] DiscoveryClient-CacheRefreshExecutor-0cid - Single vip registry refresh property : null
2018-05-11 15:04:16.848 [DiscoveryClient-CacheRefreshExecutor-0] INFO  [com.netflix.discovery.DiscoveryClient:939] DiscoveryClient-CacheRefreshExecutor-0cid - Force full registry fetch : false
2018-05-11 15:04:16.848 [DiscoveryClient-CacheRefreshExecutor-0] INFO  [com.netflix.discovery.DiscoveryClient:940] DiscoveryClient-CacheRefreshExecutor-0cid - Application is null : false
2018-05-11 15:04:16.848 [DiscoveryClient-CacheRefreshExecutor-0] INFO  [com.netflix.discovery.DiscoveryClient:941] DiscoveryClient-CacheRefreshExecutor-0cid - Registered Applications size is zero : true
2018-05-11 15:04:16.848 [DiscoveryClient-CacheRefreshExecutor-0] INFO  [com.netflix.discovery.DiscoveryClient:943] DiscoveryClient-CacheRefreshExecutor-0cid - Application version is -1: false
2018-05-11 15:04:16.848 [DiscoveryClient-CacheRefreshExecutor-0] INFO  [com.netflix.discovery.DiscoveryClient:1026] DiscoveryClient-CacheRefreshExecutor-0cid - Getting all instance registry info from the eureka server
2018-05-11 15:04:16.940 [DiscoveryClient-CacheRefreshExecutor-0] INFO  [com.netflix.discovery.DiscoveryClient:1035] DiscoveryClient-CacheRefreshExecutor-0cid - The response status is 200
2018-05-11 15:04:58.411 [http-nio-8084-exec-1] INFO  [org.apache.catalina.core.ContainerBase.[Tomcat].[localhost].[/]:179] http-nio-8084-exec-1cid - Initializing Spring FrameworkServlet 'dispatcherServlet'
2018-05-11 15:04:58.411 [http-nio-8084-exec-1] INFO  [org.springframework.web.servlet.DispatcherServlet:489] http-nio-8084-exec-1cid - FrameworkServlet 'dispatcherServlet': initialization started
2018-05-11 15:04:58.467 [http-nio-8084-exec-1] INFO  [org.springframework.web.servlet.DispatcherServlet:508] http-nio-8084-exec-1cid - FrameworkServlet 'dispatcherServlet': initialization completed in 56 ms
2018-05-11 15:04:58.624 [http-nio-8084-exec-1] INFO  [org.zalando.logbook.Logbook:74] http-nio-8084-exec-1cid - Incoming Request: bd31a5f5-b5d8-4df3-9985-7f0fe67ed5ac
GET http://localhost:8084/swagger-resources HTTP/1.1
referer: http://localhost:8084/swagger-ui.html
cookie: __utmz=111872281.1518060261.1.1.utmcsr=(direct)|utmccn=(direct)|utmcmd=(none)
accept-language: zh-CN,zh;q=0.9
x-requested-with: XMLHttpRequest
host: localhost:8084
connection: keep-alive
accept-encoding: gzip, deflate, br
user-agent: Mozilla/5.0 (Windows NT 10.0; Win64; x64) AppleWebKit/537.36 (KHTML, like Gecko) Chrome/66.0.3359.139 Safari/537.36
accept: application/json, text/javascript, */*; q=0.01
2018-05-11 15:04:58.677 [http-nio-8084-exec-1] INFO  [org.zalando.logbook.Logbook:79] http-nio-8084-exec-1cid - Outgoing Response: bd31a5f5-b5d8-4df3-9985-7f0fe67ed5ac
HTTP/1.1 200 OK
X-Application-Context: house:8084
Content-Length: 69
Date: Fri, 11 May 2018 07:04:58 GMT
Content-Type: application/json

[{"location":"/v2/api-docs","name":"default","swaggerVersion":"2.0"}]
2018-05-11 15:04:58.782 [http-nio-8084-exec-2] INFO  [org.zalando.logbook.Logbook:74] http-nio-8084-exec-2cid - Incoming Request: 5102dafc-cbba-4f4c-b086-6e7ad9002fd6
GET http://localhost:8084/v2/api-docs HTTP/1.1
referer: http://localhost:8084/swagger-ui.html
cookie: __utmz=111872281.1518060261.1.1.utmcsr=(direct)|utmccn=(direct)|utmcmd=(none)
accept-language: zh-CN,zh;q=0.9
host: localhost:8084
connection: keep-alive
accept-encoding: gzip, deflate, br
user-agent: Mozilla/5.0 (Windows NT 10.0; Win64; x64) AppleWebKit/537.36 (KHTML, like Gecko) Chrome/66.0.3359.139 Safari/537.36
accept: application/json;charset=utf-8,*/*
2018-05-11 15:04:58.995 [http-nio-8084-exec-2] INFO  [org.zalando.logbook.Logbook:79] http-nio-8084-exec-2cid - Outgoing Response: 5102dafc-cbba-4f4c-b086-6e7ad9002fd6
HTTP/1.1 200 OK
X-Application-Context: house:8084
Content-Length: 38158
Date: Fri, 11 May 2018 07:04:58 GMT
Content-Type: application/json;charset=utf-8

{"swagger":"2.0","info":{"description":"测试","version":"1.0","title":"Spring Boot中使用Swagger构建RESTful APIs","termsOfService":"http://www.duanxiaowei.top","contact":{"name":"davy0512"},"license":{}},"host":"localhost:8084","basePath":"/","tags":[{"name":"base-redis-controller","description":"Base Redis Controller"},{"name":"房产服务模块","description":"房产服务模块"}],"paths":{"/house/add":{"get":{"tags":["房产服务模块"],"summary":"doAdd","operationId":"doAddUsingGET","consumes":["application/json"],"produces":["*/*"],"parameters":[{"in":"body","name":"house","description":"house","required":true,"schema":{"$ref":"#/definitions/House"}}],"responses":{"200":{"description":"OK","schema":{"$ref":"#/definitions/RestResponse«object»"}},"401":{"description":"Unauthorized"},"403":{"description":"Forbidden"},"404":{"description":"Not Found"}}},"head":{"tags":["房产服务模块"],"summary":"doAdd","operationId":"doAddUsingHEAD","consumes":["application/json"],"produces":["*/*"],"parameters":[{"in":"body","name":"house","description":"house","required":true,"schema":{"$ref":"#/definitions/House"}}],"responses":{"200":{"description":"OK","schema":{"$ref":"#/definitions/RestResponse«object»"}},"401":{"description":"Unauthorized"},"204":{"description":"No Content"},"403":{"description":"Forbidden"}}},"post":{"tags":["房产服务模块"],"summary":"doAdd","operationId":"doAddUsingPOST","consumes":["application/json"],"produces":["*/*"],"parameters":[{"in":"body","name":"house","description":"house","required":true,"schema":{"$ref":"#/definitions/House"}}],"responses":{"200":{"description":"OK","schema":{"$ref":"#/definitions/RestResponse«object»"}},"201":{"description":"Created"},"401":{"description":"Unauthorized"},"403":{"description":"Forbidden"},"404":{"description":"Not Found"}}},"put":{"tags":["房产服务模块"],"summary":"doAdd","operationId":"doAddUsingPUT","consumes":["application/json"],"produces":["*/*"],"parameters":[{"in":"body","name":"house","description":"house","required":true,"schema":{"$ref":"#/definitions/House"}}],"responses":{"200":{"description":"OK","schema":{"$ref":"#/definitions/RestResponse«object»"}},"201":{"description":"Created"},"401":{"description":"Unauthorized"},"403":{"description":"Forbidden"},"404":{"description":"Not Found"}}},"delete":{"tags":["房产服务模块"],"summary":"doAdd","operationId":"doAddUsingDELETE","consumes":["application/json"],"produces":["*/*"],"parameters":[{"in":"body","name":"house","description":"house","required":true,"schema":{"$ref":"#/definitions/House"}}],"responses":{"200":{"description":"OK","schema":{"$ref":"#/definitions/RestResponse«object»"}},"401":{"description":"Unauthorized"},"204":{"description":"No Content"},"403":{"description":"Forbidden"}}},"options":{"tags":["房产服务模块"],"summary":"doAdd","operationId":"doAddUsingOPTIONS","consumes":["application/json"],"produces":["*/*"],"parameters":[{"in":"body","name":"house","description":"house","required":true,"schema":{"$ref":"#/definitions/House"}}],"responses":{"200":{"description":"OK","schema":{"$ref":"#/definitions/RestResponse«object»"}},"401":{"description":"Unauthorized"},"204":{"description":"No Content"},"403":{"description":"Forbidden"}}},"patch":{"tags":["房产服务模块"],"summary":"doAdd","operationId":"doAddUsingPATCH","consumes":["application/json"],"produces":["*/*"],"parameters":[{"in":"body","name":"house","description":"house","required":true,"schema":{"$ref":"#/definitions/House"}}],"responses":{"200":{"description":"OK","schema":{"$ref":"#/definitions/RestResponse«object»"}},"401":{"description":"Unauthorized"},"204":{"description":"No Content"},"403":{"description":"Forbidden"}}}},"/house/addUserMsg":{"get":{"tags":["房产服务模块"],"summary":"houseMsg","operationId":"houseMsgUsingGET","consumes":["application/json"],"produces":["*/*"],"parameters":[{"in":"body","name":"userMsg","description":"userMsg","required":true,"schema":{"$ref":"#/definitions/UserMsg"}}],"responses":{"200":{"description":"OK","schema":{"$ref":"#/definitions/RestResponse«object»"}},"401":{"description":"Unauthorized"},"403":{"description":"Forbidden"},"404":{"description":"Not Found"}}},"head":{"tags":["房产服务模块"],"summary":"houseMsg","operationId":"houseMsgUsingHEAD","consumes":["application/json"],"produces":["*/*"],"parameters":[{"in":"body","name":"userMsg","description":"userMsg","required":true,"schema":{"$ref":"#/definitions/UserMsg"}}],"responses":{"200":{"description":"OK","schema":{"$ref":"#/definitions/RestResponse«object»"}},"401":{"description":"Unauthorized"},"204":{"description":"No Content"},"403":{"description":"Forbidden"}}},"post":{"tags":["房产服务模块"],"summary":"houseMsg","operationId":"houseMsgUsingPOST","consumes":["application/json"],"produces":["*/*"],"parameters":[{"in":"body","name":"userMsg","description":"userMsg","required":true,"schema":{"$ref":"#/definitions/UserMsg"}}],"responses":{"200":{"description":"OK","schema":{"$ref":"#/definitions/RestResponse«object»"}},"201":{"description":"Created"},"401":{"description":"Unauthorized"},"403":{"description":"Forbidden"},"404":{"description":"Not Found"}}},"put":{"tags":["房产服务模块"],"summary":"houseMsg","operationId":"houseMsgUsingPUT","consumes":["application/json"],"produces":["*/*"],"parameters":[{"in":"body","name":"userMsg","description":"userMsg","required":true,"schema":{"$ref":"#/definitions/UserMsg"}}],"responses":{"200":{"description":"OK","schema":{"$ref":"#/definitions/RestResponse«object»"}},"201":{"description":"Created"},"401":{"description":"Unauthorized"},"403":{"description":"Forbidden"},"404":{"description":"Not Found"}}},"delete":{"tags":["房产服务模块"],"summary":"houseMsg","operationId":"houseMsgUsingDELETE","consumes":["application/json"],"produces":["*/*"],"parameters":[{"in":"body","name":"userMsg","description":"userMsg","required":true,"schema":{"$ref":"#/definitions/UserMsg"}}],"responses":{"200":{"description":"OK","schema":{"$ref":"#/definitions/RestResponse«object»"}},"401":{"description":"Unauthorized"},"204":{"description":"No Content"},"403":{"description":"Forbidden"}}},"options":{"tags":["房产服务模块"],"summary":"houseMsg","operationId":"houseMsgUsingOPTIONS","consumes":["application/json"],"produces":["*/*"],"parameters":[{"in":"body","name":"userMsg","description":"userMsg","required":true,"schema":{"$ref":"#/definitions/UserMsg"}}],"responses":{"200":{"description":"OK","schema":{"$ref":"#/definitions/RestResponse«object»"}},"401":{"description":"Unauthorized"},"204":{"description":"No Content"},"403":{"description":"Forbidden"}}},"patch":{"tags":["房产服务模块"],"summary":"houseMsg","operationId":"houseMsgUsingPATCH","consumes":["application/json"],"produces":["*/*"],"parameters":[{"in":"body","name":"userMsg","description":"userMsg","required":true,"schema":{"$ref":"#/definitions/UserMsg"}}],"responses":{"200":{"description":"OK","schema":{"$ref":"#/definitions/RestResponse«object»"}},"401":{"description":"Unauthorized"},"204":{"description":"No Content"},"403":{"description":"Forbidden"}}}},"/house/allCitys":{"get":{"tags":["房产服务模块"],"summary":"allCitys","operationId":"allCitysUsingGET","consumes":["application/json"],"produces":["*/*"],"responses":{"200":{"description":"OK","schema":{"$ref":"#/definitions/RestResponse«List«City»»"}},"401":{"description":"Unauthorized"},"403":{"description":"Forbidden"},"404":{"description":"Not Found"}}},"head":{"tags":["房产服务模块"],"summary":"allCitys","operationId":"allCitysUsingHEAD","consumes":["application/json"],"produces":["*/*"],"responses":{"200":{"description":"OK","schema":{"$ref":"#/definitions/RestResponse«List«City»»"}},"401":{"description":"Unauthorized"},"204":{"description":"No Content"},"403":{"description":"Forbidden"}}},"post":{"tags":["房产服务模块"],"summary":"allCitys","operationId":"allCitysUsingPOST","consumes":["application/json"],"produces":["*/*"],"responses":{"200":{"description":"OK","schema":{"$ref":"#/definitions/RestResponse«List«City»»"}},"201":{"description":"Created"},"401":{"description":"Unauthorized"},"403":{"description":"Forbidden"},"404":{"description":"Not Found"}}},"put":{"tags":["房产服务模块"],"summary":"allCitys","operationId":"allCitysUsingPUT","consumes":["application/json"],"produces":["*/*"],"responses":{"200":{"description":"OK","schema":{"$ref":"#/definitions/RestResponse«List«City»»"}},"201":{"description":"Created"},"401":{"description":"Unauthorized"},"403":{"description":"Forbidden"},"404":{"description":"Not Found"}}},"delete":{"tags":["房产服务模块"],"summary":"allCitys","operationId":"allCitysUsingDELETE","consumes":["application/json"],"produces":["*/*"],"responses":{"200":{"description":"OK","schema":{"$ref":"#/definitions/RestResponse«List«City»»"}},"401":{"description":"Unauthorized"},"204":{"description":"No Content"},"403":{"description":"Forbidden"}}},"options":{"tags":["房产服务模块"],"summary":"allCitys","operationId":"allCitysUsingOPTIONS","consumes":["application/json"],"produces":["*/*"],"responses":{"200":{"description":"OK","schema":{"$ref":"#/definitions/RestResponse«List«City»»"}},"401":{"description":"Unauthorized"},"204":{"description":"No Content"},"403":{"description":"Forbidden"}}},"patch":{"tags":["房产服务模块"],"summary":"allCitys","operationId":"allCitysUsingPATCH","consumes":["application/json"],"produces":["*/*"],"responses":{"200":{"description":"OK","schema":{"$ref":"#/definitions/RestResponse«List«City»»"}},"401":{"description":"Unauthorized"},"204":{"description":"No Content"},"403":{"description":"Forbidden"}}}},"/house/allCommunitys":{"get":{"tags":["房产服务模块"],"summary":"toAdd","operationId":"toAddUsingGET","consumes":["application/json"],"produces":["*/*"],"responses":{"200":{"description":"OK","schema":{"$ref":"#/definitions/RestResponse«List«Community»»"}},"401":{"description":"Unauthorized"},"403":{"description":"Forbidden"},"404":{"description":"Not Found"}}},"head":{"tags":["房产服务模块"],"summary":"toAdd","operationId":"toAddUsingHEAD","consumes":["application/json"],"produces":["*/*"],"responses":{"200":{"description":"OK","schema":{"$ref":"#/definitions/RestResponse«List«Community»»"}},"401":{"description":"Unauthorized"},"204":{"description":"No Content"},"403":{"description":"Forbidden"}}},"post":{"tags":["房产服务模块"],"summary":"toAdd","operationId":"toAddUsingPOST","consumes":["application/json"],"produces":["*/*"],"responses":{"200":{"description":"OK","schema":{"$ref":"#/definitions/RestResponse«List«Community»»"}},"201":{"description":"Created"},"401":{"description":"Unauthorized"},"403":{"description":"Forbidden"},"404":{"description":"Not Found"}}},"put":{"tags":["房产服务模块"],"summary":"toAdd","operationId":"toAddUsingPUT","consumes":["application/json"],"produces":["*/*"],"responses":{"200":{"description":"OK","schema":{"$ref":"#/definitions/RestResponse«List«Community»»"}},"201":{"description":"Created"},"401":{"description":"Unauthorized"},"403":{"description":"Forbidden"},"404":{"description":"Not Found"}}},"delete":{"tags":["房产服务模块"],"summary":"toAdd","operationId":"toAddUsingDELETE","consumes":["application/json"],"produces":["*/*"],"responses":{"200":{"description":"OK","schema":{"$ref":"#/definitions/RestResponse«List«Community»»"}},"401":{"description":"Unauthorized"},"204":{"description":"No Content"},"403":{"description":"Forbidden"}}},"options":{"tags":["房产服务模块"],"summary":"toAdd","operationId":"toAddUsingOPTIONS","consumes":["application/json"],"produces":["*/*"],"responses":{"200":{"description":"OK","schema":{"$ref":"#/definitions/RestResponse«List«Community»»"}},"401":{"description":"Unauthorized"},"204":{"description":"No Content"},"403":{"description":"Forbidden"}}},"patch":{"tags":["房产服务模块"],"summary":"toAdd","operationId":"toAddUsingPATCH","consumes":["application/json"],"produces":["*/*"],"responses":{"200":{"description":"OK","schema":{"$ref":"#/definitions/RestResponse«List«Community»»"}},"401":{"description":"Unauthorized"},"204":{"description":"No Content"},"403":{"description":"Forbidden"}}}},"/house/bind":{"get":{"tags":["房产服务模块"],"summary":"delsale","operationId":"delsaleUsingGET","consumes":["application/json"],"produces":["*/*"],"parameters":[{"in":"body","name":"req","description":"req","required":true,"schema":{"$ref":"#/definitions/HouseUserReq"}}],"responses":{"200":{"description":"OK","schema":{"$ref":"#/definitions/RestResponse«object»"}},"401":{"description":"Unauthorized"},"403":{"description":"Forbidden"},"404":{"description":"Not Found"}}},"head":{"tags":["房产服务模块"],"summary":"delsale","operationId":"delsaleUsingHEAD","consumes":["application/json"],"produces":["*/*"],"parameters":[{"in":"body","name":"req","description":"req","required":true,"schema":{"$ref":"#/definitions/HouseUserReq"}}],"responses":{"200":{"description":"OK","schema":{"$ref":"#/definitions/RestResponse«object»"}},"401":{"description":"Unauthorized"},"204":{"description":"No Content"},"403":{"description":"Forbidden"}}},"post":{"tags":["房产服务模块"],"summary":"delsale","operationId":"delsaleUsingPOST","consumes":["application/json"],"produces":["*/*"],"parameters":[{"in":"body","name":"req","description":"req","required":true,"schema":{"$ref":"#/definitions/HouseUserReq"}}],"responses":{"200":{"description":"OK","schema":{"$ref":"#/definitions/RestResponse«object»"}},"201":{"description":"Created"},"401":{"description":"Unauthorized"},"403":{"description":"Forbidden"},"404":{"description":"Not Found"}}},"put":{"tags":["房产服务模块"],"summary":"delsale","operationId":"delsaleUsingPUT","consumes":["application/json"],"produces":["*/*"],"parameters":[{"in":"body","name":"req","description":"req","required":true,"schema":{"$ref":"#/definitions/HouseUserReq"}}],"responses":{"200":{"description":"OK","schema":{"$ref":"#/definitions/RestResponse«object»"}},"201":{"description":"Created"},"401":{"description":"Unauthorized"},"403":{"description":"Forbidden"},"404":{"description":"Not Found"}}},"delete":{"tags":["房产服务模块"],"summary":"delsale","operationId":"delsaleUsingDELETE","consumes":["application/json"],"produces":["*/*"],"parameters":[{"in":"body","name":"req","description":"req","required":true,"schema":{"$ref":"#/definitions/HouseUserReq"}}],"responses":{"200":{"description":"OK","schema":{"$ref":"#/definitions/RestResponse«object»"}},"401":{"description":"Unauthorized"},"204":{"description":"No Content"},"403":{"description":"Forbidden"}}},"options":{"tags":["房产服务模块"],"summary":"delsale","operationId":"delsaleUsingOPTIONS","consumes":["application/json"],"produces":["*/*"],"parameters":[{"in":"body","name":"req","description":"req","required":true,"schema":{"$ref":"#/definitions/HouseUserReq"}}],"responses":{"200":{"description":"OK","schema":{"$ref":"#/definitions/RestResponse«object»"}},"401":{"description":"Unauthorized"},"204":{"description":"No Content"},"403":{"description":"Forbidden"}}},"patch":{"tags":["房产服务模块"],"summary":"delsale","operationId":"delsaleUsingPATCH","consumes":["application/json"],"produces":["*/*"],"parameters":[{"in":"body","name":"req","description":"req","required":true,"schema":{"$ref":"#/definitions/HouseUserReq"}}],"responses":{"200":{"description":"OK","schema":{"$ref":"#/definitions/RestResponse«object»"}},"401":{"description":"Unauthorized"},"204":{"description":"No Content"},"403":{"description":"Forbidden"}}}},"/house/detail":{"get":{"tags":["房产服务模块"],"summary":"houseDetail","operationId":"houseDetailUsingGET","consumes":["application/json"],"produces":["*/*"],"parameters":[{"in":"body","name":"id","description":"id","required":false,"schema":{"type":"long"}}],"responses":{"200":{"description":"OK","schema":{"$ref":"#/definitions/RestResponse«House»"}},"401":{"description":"Unauthorized"},"403":{"description":"Forbidden"},"404":{"description":"Not Found"}}},"head":{"tags":["房产服务模块"],"summary":"houseDetail","operationId":"houseDetailUsingHEAD","consumes":["application/json"],"produces":["*/*"],"parameters":[{"in":"body","name":"id","description":"id","required":false,"schema":{"type":"long"}}],"responses":{"200":{"description":"OK","schema":{"$ref":"#/definitions/RestResponse«House»"}},"401":{"description":"Unauthorized"},"204":{"description":"No Content"},"403":{"description":"Forbidden"}}},"post":{"tags":["房产服务模块"],"summary":"houseDetail","operationId":"houseDetailUsingPOST","consumes":["application/json"],"produces":["*/*"],"parameters":[{"in":"body","name":"id","description":"id","required":false,"schema":{"type":"long"}}],"responses":{"200":{"description":"OK","schema":{"$ref":"#/definitions/RestResponse«House»"}},"201":{"description":"Created"},"401":{"description":"Unauthorized"},"403":{"description":"Forbidden"},"404":{"description":"Not Found"}}},"put":{"tags":["房产服务模块"],"summary":"houseDetail","operationId":"houseDetailUsingPUT","consumes":["application/json"],"produces":["*/*"],"parameters":[{"in":"body","name":"id","description":"id","required":false,"schema":{"type":"long"}}],"responses":{"200":{"description":"OK","schema":{"$ref":"#/definitions/RestResponse«House»"}},"201":{"description":"Created"},"401":{"description":"Unauthorized"},"403":{"description":"Forbidden"},"404":{"description":"Not Found"}}},"delete":{"tags":["房产服务模块"],"summary":"houseDetail","operationId":"houseDetailUsingDELETE","consumes":["application/json"],"produces":["*/*"],"parameters":[{"in":"body","name":"id","description":"id","required":false,"schema":{"type":"long"}}],"responses":{"200":{"description":"OK","schema":{"$ref":"#/definitions/RestResponse«House»"}},"401":{"description":"Unauthorized"},"204":{"description":"No Content"},"403":{"description":"Forbidden"}}},"options":{"tags":["房产服务模块"],"summary":"houseDetail","operationId":"houseDetailUsingOPTIONS","consumes":["application/json"],"produces":["*/*"],"parameters":[{"in":"body","name":"id","description":"id","required":false,"schema":{"type":"long"}}],"responses":{"200":{"description":"OK","schema":{"$ref":"#/definitions/RestResponse«House»"}},"401":{"description":"Unauthorized"},"204":{"description":"No Content"},"403":{"description":"Forbidden"}}},"patch":{"tags":["房产服务模块"],"summary":"houseDetail","operationId":"houseDetailUsingPATCH","consumes":["application/json"],"produces":["*/*"],"parameters":[{"in":"body","name":"id","description":"id","required":false,"schema":{"type":"long"}}],"responses":{"200":{"description":"OK","schema":{"$ref":"#/definitions/RestResponse«House»"}},"401":{"description":"Unauthorized"},"204":{"description":"No Content"},"403":{"description":"Forbidden"}}}},"/house/hot":{"get":{"tags":["房产服务模块"],"summary":"getHotHouse","operationId":"getHotHouseUsingGET","consumes":["application/json"],"produces":["*/*"],"parameters":[{"in":"body","name":"size","description":"size","required":false,"schema":{"type":"int"}}],"responses":{"200":{"description":"OK","schema":{"$ref":"#/definitions/RestResponse«List«House»»"}},"401":{"description":"Unauthorized"},"403":{"description":"Forbidden"},"404":{"description":"Not Found"}}},"head":{"tags":["房产服务模块"],"summary":"getHotHouse","operationId":"getHotHouseUsingHEAD","consumes":["application/json"],"produces":["*/*"],"parameters":[{"in":"body","name":"size","description":"size","required":false,"schema":{"type":"int"}}],"responses":{"200":{"description":"OK","schema":{"$ref":"#/definitions/RestResponse«List«House»»"}},"401":{"description":"Unauthorized"},"204":{"description":"No Content"},"403":{"description":"Forbidden"}}},"post":{"tags":["房产服务模块"],"summary":"getHotHouse","operationId":"getHotHouseUsingPOST","consumes":["application/json"],"produces":["*/*"],"parameters":[{"in":"body","name":"size","description":"size","required":false,"schema":{"type":"int"}}],"responses":{"200":{"description":"OK","schema":{"$ref":"#/definitions/RestResponse«List«House»»"}},"201":{"description":"Created"},"401":{"description":"Unauthorized"},"403":{"description":"Forbidden"},"404":{"description":"Not Found"}}},"put":{"tags":["房产服务模块"],"summary":"getHotHouse","operationId":"getHotHouseUsingPUT","consumes":["application/json"],"produces":["*/*"],"parameters":[{"in":"body","name":"size","description":"size","required":false,"schema":{"type":"int"}}],"responses":{"200":{"description":"OK","schema":{"$ref":"#/definitions/RestResponse«List«House»»"}},"201":{"description":"Created"},"401":{"description":"Unauthorized"},"403":{"description":"Forbidden"},"404":{"description":"Not Found"}}},"delete":{"tags":["房产服务模块"],"summary":"getHotHouse","operationId":"getHotHouseUsingDELETE","consumes":["application/json"],"produces":["*/*"],"parameters":[{"in":"body","name":"size","description":"size","required":false,"schema":{"type":"int"}}],"responses":{"200":{"description":"OK","schema":{"$ref":"#/definitions/RestResponse«List«House»»"}},"401":{"description":"Unauthorized"},"204":{"description":"No Content"},"403":{"description":"Forbidden"}}},"options":{"tags":["房产服务模块"],"summary":"getHotHouse","operationId":"getHotHouseUsingOPTIONS","consumes":["application/json"],"produces":["*/*"],"parameters":[{"in":"body","name":"size","description":"size","required":false,"schema":{"type":"int"}}],"responses":{"200":{"description":"OK","schema":{"$ref":"#/definitions/RestResponse«List«House»»"}},"401":{"description":"Unauthorized"},"204":{"description":"No Content"},"403":{"description":"Forbidden"}}},"patch":{"tags":["房产服务模块"],"summary":"getHotHouse","operationId":"getHotHouseUsingPATCH","consumes":["application/json"],"produces":["*/*"],"parameters":[{"in":"body","name":"size","description":"size","required":false,"schema":{"type":"int"}}],"responses":{"200":{"description":"OK","schema":{"$ref":"#/definitions/RestResponse«List«House»»"}},"401":{"description":"Unauthorized"},"204":{"description":"No Content"},"403":{"description":"Forbidden"}}}},"/house/lastest":{"get":{"tags":["房产服务模块"],"summary":"getLastest","operationId":"getLastestUsingGET","consumes":["application/json"],"produces":["*/*"],"responses":{"200":{"description":"OK","schema":{"$ref":"#/definitions/RestResponse«List«House»»"}},"401":{"description":"Unauthorized"},"403":{"description":"Forbidden"},"404":{"description":"Not Found"}}},"head":{"tags":["房产服务模块"],"summary":"getLastest","operationId":"getLastestUsingHEAD","consumes":["application/json"],"produces":["*/*"],"responses":{"200":{"description":"OK","schema":{"$ref":"#/definitions/RestResponse«List«House»»"}},"401":{"description":"Unauthorized"},"204":{"description":"No Content"},"403":{"description":"Forbidden"}}},"post":{"tags":["房产服务模块"],"summary":"getLastest","operationId":"getLastestUsingPOST","consumes":["application/json"],"produces":["*/*"],"responses":{"200":{"description":"OK","schema":{"$ref":"#/definitions/RestResponse«List«House»»"}},"201":{"description":"Created"},"401":{"description":"Unauthorized"},"403":{"description":"Forbidden"},"404":{"description":"Not Found"}}},"put":{"tags":["房产服务模块"],"summary":"getLastest","operationId":"getLastestUsingPUT","consumes":["application/json"],"produces":["*/*"],"responses":{"200":{"description":"OK","schema":{"$ref":"#/definitions/RestResponse«List«House»»"}},"201":{"description":"Created"},"401":{"description":"Unauthorized"},"403":{"description":"Forbidden"},"404":{"description":"Not Found"}}},"delete":{"tags":["房产服务模块"],"summary":"getLastest","operationId":"getLastestUsingDELETE","consumes":["application/json"],"produces":["*/*"],"responses":{"200":{"description":"OK","schema":{"$ref":"#/definitions/RestResponse«List«House»»"}},"401":{"description":"Unauthorized"},"204":{"description":"No Content"},"403":{"description":"Forbidden"}}},"options":{"tags":["房产服务模块"],"summary":"getLastest","operationId":"getLastestUsingOPTIONS","consumes":["application/json"],"produces":["*/*"],"responses":{"200":{"description":"OK","schema":{"$ref":"#/definitions/RestResponse«List«House»»"}},"401":{"description":"Unauthorized"},"204":{"description":"No Content"},"403":{"description":"Forbidden"}}},"patch":{"tags":["房产服务模块"],"summary":"getLastest","operationId":"getLastestUsingPATCH","consumes":["application/json"],"produces":["*/*"],"responses":{"200":{"description":"OK","schema":{"$ref":"#/definitions/RestResponse«List«House»»"}},"401":{"description":"Unauthorized"},"204":{"description":"No Content"},"403":{"description":"Forbidden"}}}},"/house/list":{"get":{"tags":["房产服务模块"],"summary":"请求房产信息列表","operationId":"houseListUsingGET","consumes":["application/json"],"produces":["*/*"],"parameters":[{"in":"body","name":"req","description":"房产实体","required":true,"schema":{"$ref":"#/definitions/HouseQueryReq"}}],"responses":{"200":{"description":"OK","schema":{"$ref":"#/definitions/RestResponse«ListResponse«House»»"}},"401":{"description":"Unauthorized"},"403":{"description":"Forbidden"},"404":{"description":"Not Found"}}},"head":{"tags":["房产服务模块"],"summary":"请求房产信息列表","operationId":"houseListUsingHEAD","consumes":["application/json"],"produces":["*/*"],"parameters":[{"in":"body","name":"req","description":"房产实体","required":true,"schema":{"$ref":"#/definitions/HouseQueryReq"}}],"responses":{"200":{"description":"OK","schema":{"$ref":"#/definitions/RestResponse«ListResponse«House»»"}},"401":{"description":"Unauthorized"},"204":{"description":"No Content"},"403":{"description":"Forbidden"}}},"post":{"tags":["房产服务模块"],"summary":"请求房产信息列表","operationId":"houseListUsingPOST","consumes":["application/json"],"produces":["*/*"],"parameters":[{"in":"body","name":"req","description":"房产实体","required":true,"schema":{"$ref":"#/definitions/HouseQueryReq"}}],"responses":{"200":{"description":"OK","schema":{"$ref":"#/definitions/RestResponse«ListResponse«House»»"}},"201":{"description":"Created"},"401":{"description":"Unauthorized"},"403":{"description":"Forbidden"},"404":{"description":"Not Found"}}},"put":{"tags":["房产服务模块"],"summary":"请求房产信息列表","operationId":"houseListUsingPUT","consumes":["application/json"],"produces":["*/*"],"parameters":[{"in":"body","name":"req","description":"房产实体","required":true,"schema":{"$ref":"#/definitions/HouseQueryReq"}}],"responses":{"200":{"description":"OK","schema":{"$ref":"#/definitions/RestResponse«ListResponse«House»»"}},"201":{"description":"Created"},"401":{"description":"Unauthorized"},"403":{"description":"Forbidden"},"404":{"description":"Not Found"}}},"delete":{"tags":["房产服务模块"],"summary":"请求房产信息列表","operationId":"houseListUsingDELETE","consumes":["application/json"],"produces":["*/*"],"parameters":[{"in":"body","name":"req","description":"房产实体","required":true,"schema":{"$ref":"#/definitions/HouseQueryReq"}}],"responses":{"200":{"description":"OK","schema":{"$ref":"#/definitions/RestResponse«ListResponse«House»»"}},"401":{"description":"Unauthorized"},"204":{"description":"No Content"},"403":{"description":"Forbidden"}}},"options":{"tags":["房产服务模块"],"summary":"请求房产信息列表","operationId":"houseListUsingOPTIONS","consumes":["application/json"],"produces":["*/*"],"parameters":[{"in":"body","name":"req","description":"房产实体","required":true,"schema":{"$ref":"#/definitions/HouseQueryReq"}}],"responses":{"200":{"description":"OK","schema":{"$ref":"#/definitions/RestResponse«ListResponse«House»»"}},"401":{"description":"Unauthorized"},"204":{"description":"No Content"},"403":{"description":"Forbidden"}}},"patch":{"tags":["房产服务模块"],"summary":"请求房产信息列表","operationId":"houseListUsingPATCH","consumes":["application/json"],"produces":["*/*"],"parameters":[{"in":"body","name":"req","description":"房产实体","required":true,"schema":{"$ref":"#/definitions/HouseQueryReq"}}],"responses":{"200":{"description":"OK","schema":{"$ref":"#/definitions/RestResponse«ListResponse«House»»"}},"401":{"description":"Unauthorized"},"204":{"description":"No Content"},"403":{"description":"Forbidden"}}}},"/house/rating":{"get":{"tags":["房产服务模块"],"summary":"houseRate","operationId":"houseRateUsingGET","consumes":["application/json"],"produces":["*/*"],"parameters":[{"name":"rating","in":"path","description":"rating","required":true,"type":"number","format":"double"},{"name":"id","in":"path","description":"id","required":true,"type":"integer","format":"int64"}],"responses":{"200":{"description":"OK","schema":{"$ref":"#/definitions/RestResponse«object»"}},"401":{"description":"Unauthorized"},"403":{"description":"Forbidden"},"404":{"description":"Not Found"}}},"head":{"tags":["房产服务模块"],"summary":"houseRate","operationId":"houseRateUsingHEAD","consumes":["application/json"],"produces":["*/*"],"parameters":[{"name":"rating","in":"path","description":"rating","required":true,"type":"number","format":"double"},{"name":"id","in":"path","description":"id","required":true,"type":"integer","format":"int64"}],"responses":{"200":{"description":"OK","schema":{"$ref":"#/definitions/RestResponse«object»"}},"401":{"description":"Unauthorized"},"204":{"description":"No Content"},"403":{"description":"Forbidden"}}},"post":{"tags":["房产服务模块"],"summary":"houseRate","operationId":"houseRateUsingPOST","consumes":["application/json"],"produces":["*/*"],"parameters":[{"name":"rating","in":"path","description":"rating","required":true,"type":"number","format":"double"},{"name":"id","in":"path","description":"id","required":true,"type":"integer","format":"int64"}],"responses":{"200":{"description":"OK","schema":{"$ref":"#/definitions/RestResponse«object»"}},"201":{"description":"Created"},"401":{"description":"Unauthorized"},"403":{"description":"Forbidden"},"404":{"description":"Not Found"}}},"put":{"tags":["房产服务模块"],"summary":"houseRate","operationId":"houseRateUsingPUT","consumes":["application/json"],"produces":["*/*"],"parameters":[{"name":"rating","in":"path","description":"rating","required":true,"type":"number","format":"double"},{"name":"id","in":"path","description":"id","required":true,"type":"integer","format":"int64"}],"responses":{"200":{"description":"OK","schema":{"$ref":"#/definitions/RestResponse«object»"}},"201":{"description":"Created"},"401":{"description":"Unauthorized"},"403":{"description":"Forbidden"},"404":{"description":"Not Found"}}},"delete":{"tags":["房产服务模块"],"summary":"houseRate","operationId":"houseRateUsingDELETE","consumes":["application/json"],"produces":["*/*"],"parameters":[{"name":"rating","in":"path","description":"rating","required":true,"type":"number","format":"double"},{"name":"id","in":"path","description":"id","required":true,"type":"integer","format":"int64"}],"responses":{"200":{"description":"OK","schema":{"$ref":"#/definitions/RestResponse«object»"}},"401":{"description":"Unauthorized"},"204":{"description":"No Content"},"403":{"description":"Forbidden"}}},"options":{"tags":["房产服务模块"],"summary":"houseRate","operationId":"houseRateUsingOPTIONS","consumes":["application/json"],"produces":["*/*"],"parameters":[{"name":"rating","in":"path","description":"rating","required":true,"type":"number","format":"double"},{"name":"id","in":"path","description":"id","required":true,"type":"integer","format":"int64"}],"responses":{"200":{"description":"OK","schema":{"$ref":"#/definitions/RestResponse«object»"}},"401":{"description":"Unauthorized"},"204":{"description":"No Content"},"403":{"description":"Forbidden"}}},"patch":{"tags":["房产服务模块"],"summary":"houseRate","operationId":"houseRateUsingPATCH","consumes":["application/json"],"produces":["*/*"],"parameters":[{"name":"rating","in":"path","description":"rating","required":true,"type":"number","format":"double"},{"name":"id","in":"path","description":"id","required":true,"type":"integer","format":"int64"}],"responses":{"200":{"description":"OK","schema":{"$ref":"#/definitions/RestResponse«object»"}},"401":{"description":"Unauthorized"},"204":{"description":"No Content"},"403":{"description":"Forbidden"}}}},"/redis/baseRedis":{"get":{"tags":["base-redis-controller"],"summary":"baseRedis","operationId":"baseRedisUsingGET","consumes":["application/json"],"produces":["*/*"],"responses":{"200":{"description":"OK"},"401":{"description":"Unauthorized"},"403":{"description":"Forbidden"},"404":{"description":"Not Found"}}},"head":{"tags":["base-redis-controller"],"summary":"baseRedis","operationId":"baseRedisUsingHEAD","consumes":["application/json"],"produces":["*/*"],"responses":{"200":{"description":"OK"},"401":{"description":"Unauthorized"},"204":{"description":"No Content"},"403":{"description":"Forbidden"}}},"post":{"tags":["base-redis-controller"],"summary":"baseRedis","operationId":"baseRedisUsingPOST","consumes":["application/json"],"produces":["*/*"],"responses":{"200":{"description":"OK"},"201":{"description":"Created"},"401":{"description":"Unauthorized"},"403":{"description":"Forbidden"},"404":{"description":"Not Found"}}},"put":{"tags":["base-redis-controller"],"summary":"baseRedis","operationId":"baseRedisUsingPUT","consumes":["application/json"],"produces":["*/*"],"responses":{"200":{"description":"OK"},"201":{"description":"Created"},"401":{"description":"Unauthorized"},"403":{"description":"Forbidden"},"404":{"description":"Not Found"}}},"delete":{"tags":["base-redis-controller"],"summary":"baseRedis","operationId":"baseRedisUsingDELETE","consumes":["application/json"],"produces":["*/*"],"responses":{"200":{"description":"OK"},"401":{"description":"Unauthorized"},"204":{"description":"No Content"},"403":{"description":"Forbidden"}}},"options":{"tags":["base-redis-controller"],"summary":"baseRedis","operationId":"baseRedisUsingOPTIONS","consumes":["application/json"],"produces":["*/*"],"responses":{"200":{"description":"OK"},"401":{"description":"Unauthorized"},"204":{"description":"No Content"},"403":{"description":"Forbidden"}}},"patch":{"tags":["base-redis-controller"],"summary":"baseRedis","operationId":"baseRedisUsingPATCH","consumes":["application/json"],"produces":["*/*"],"responses":{"200":{"description":"OK"},"401":{"description":"Unauthorized"},"204":{"description":"No Content"},"403":{"description":"Forbidden"}}}}},"definitions":{"HouseQueryReq":{"properties":{"limit":{"type":"integer","format":"int32"},"offset":{"type":"integer","format":"int32"},"query":{"$ref":"#/definitions/House"}}},"RestResponse«List«City»»":{"properties":{"code":{"type":"integer","format":"int32"},"msg":{"type":"string"},"result":{"type":"array","items":{"$ref":"#/definitions/City"}}}},"UserMsg":{"properties":{"agentId":{"type":"integer","format":"int64"},"createTime":{"type":"string","format":"date-time"},"email":{"type":"string"},"houseId":{"type":"integer","format":"int64"},"id":{"type":"integer","format":"int64"},"msg":{"type":"string"},"userId":{"type":"integer","format":"int64"},"userName":{"type":"string"}}},"RestResponse«List«Community»»":{"properties":{"code":{"type":"integer","format":"int32"},"msg":{"type":"string"},"result":{"type":"array","items":{"$ref":"#/definitions/Community"}}}},"House":{"properties":{"address":{"type":"string"},"area":{"type":"integer","format":"int32"},"baths":{"type":"integer","format":"int32"},"beds":{"type":"integer","format":"int32"},"bookmarked":{"type":"boolean"},"cityId":{"type":"integer","format":"int32"},"communityId":{"type":"integer","format":"int32"},"createTime":{"type":"string","format":"date-time"},"featureList":{"type":"array","items":{"type":"string"}},"firstImg":{"type":"string"},"floorPlan":{"type":"string"},"floorPlanList":{"type":"array","items":{"type":"string"}},"id":{"type":"integer","format":"int64"},"ids":{"type":"array","items":{"type":"integer","format":"int64"}},"imageList":{"type":"array","items":{"type":"string"}},"images":{"type":"string"},"name":{"type":"string"},"price":{"type":"integer","format":"int32"},"priceStr":{"type":"string"},"properties":{"type":"string"},"rating":{"type":"number","format":"double"},"remarks":{"type":"string"},"roundRating":{"type":"integer","format":"int32"},"sort":{"type":"string"},"state":{"type":"integer","format":"int32"},"tags":{"type":"string"},"type":{"type":"integer","format":"int32"},"userId":{"type":"integer","format":"int64"}}},"City":{"properties":{"cityCode":{"type":"string"},"cityName":{"type":"string"},"id":{"type":"integer","format":"int32"}}},"HouseUserReq":{"properties":{"bindType":{"type":"integer","format":"int32"},"houseId":{"type":"integer","format":"int64"},"unBind":{"type":"boolean"},"userId":{"type":"integer","format":"int64"}}},"RestResponse«ListResponse«House»»":{"properties":{"code":{"type":"integer","format":"int32"},"msg":{"type":"string"},"result":{"$ref":"#/definitions/ListResponse«House»"}}},"RestResponse«object»":{"properties":{"code":{"type":"integer","format":"int32"},"msg":{"type":"string"},"result":{"type":"object"}}},"RestResponse«List«House»»":{"properties":{"code":{"type":"integer","format":"int32"},"msg":{"type":"string"},"result":{"type":"array","items":{"$ref":"#/definitions/House"}}}},"ListResponse«House»":{"properties":{"count":{"type":"integer","format":"int64"},"list":{"type":"array","items":{"$ref":"#/definitions/House"}}}},"RestResponse«House»":{"properties":{"code":{"type":"integer","format":"int32"},"msg":{"type":"string"},"result":{"$ref":"#/definitions/House"}}},"Community":{"properties":{"cityCode":{"type":"string"},"cityName":{"type":"string"},"id":{"type":"integer","format":"int32"},"name":{"type":"string"}}}}}
2018-05-11 15:04:59.429 [http-nio-8084-exec-3] INFO  [org.zalando.logbook.Logbook:74] http-nio-8084-exec-3cid - Incoming Request: d413d860-27dc-4ab6-94a2-130ac14626d9
GET http://localhost:8084/configuration/security HTTP/1.1
referer: http://localhost:8084/swagger-ui.html
cookie: __utmz=111872281.1518060261.1.1.utmcsr=(direct)|utmccn=(direct)|utmcmd=(none)
accept-language: zh-CN,zh;q=0.9
x-requested-with: XMLHttpRequest
host: localhost:8084
connection: keep-alive
accept-encoding: gzip, deflate, br
user-agent: Mozilla/5.0 (Windows NT 10.0; Win64; x64) AppleWebKit/537.36 (KHTML, like Gecko) Chrome/66.0.3359.139 Safari/537.36
accept: application/json, text/javascript, */*; q=0.01
2018-05-11 15:04:59.436 [http-nio-8084-exec-3] INFO  [org.zalando.logbook.Logbook:79] http-nio-8084-exec-3cid - Outgoing Response: d413d860-27dc-4ab6-94a2-130ac14626d9
HTTP/1.1 200 OK
X-Application-Context: house:8084
Content-Length: 2
Date: Fri, 11 May 2018 07:04:58 GMT
Content-Type: application/json

{}
2018-05-11 15:04:59.443 [http-nio-8084-exec-4] INFO  [org.zalando.logbook.Logbook:74] http-nio-8084-exec-4cid - Incoming Request: bd30c60a-62f0-4a7c-ade4-a4b8662ed194
GET http://localhost:8084/configuration/ui HTTP/1.1
referer: http://localhost:8084/swagger-ui.html
cookie: __utmz=111872281.1518060261.1.1.utmcsr=(direct)|utmccn=(direct)|utmcmd=(none)
accept-language: zh-CN,zh;q=0.9
x-requested-with: XMLHttpRequest
host: localhost:8084
connection: keep-alive
accept-encoding: gzip, deflate, br
user-agent: Mozilla/5.0 (Windows NT 10.0; Win64; x64) AppleWebKit/537.36 (KHTML, like Gecko) Chrome/66.0.3359.139 Safari/537.36
accept: application/json, text/javascript, */*; q=0.01
2018-05-11 15:04:59.448 [http-nio-8084-exec-4] INFO  [org.zalando.logbook.Logbook:79] http-nio-8084-exec-4cid - Outgoing Response: bd30c60a-62f0-4a7c-ade4-a4b8662ed194
HTTP/1.1 200 OK
X-Application-Context: house:8084
Content-Length: 2
Date: Fri, 11 May 2018 07:04:58 GMT
Content-Type: application/json

{}
